#
# A fatal error has been detected by the Java Runtime Environment:
#
#  EXCEPTION_ACCESS_VIOLATION (0xc0000005) at pc=0x00007ffc04a14c59, pid=9748, tid=4932
#
# JRE version: OpenJDK Runtime Environment (11.0.13) (build 11.0.13+0-b1751.21-8125866)
# Java VM: OpenJDK 64-Bit Server VM (11.0.13+0-b1751.21-8125866, mixed mode, tiered, compressed oops, g1 gc, windows-amd64)
# Problematic frame:
# V  [jvm.dll+0x524c59]
#
# No core dump will be written. Minidumps are not enabled by default on client versions of Windows
#
# If you would like to submit a bug report, please visit:
#   https://bugreport.java.com/bugreport/crash.jsp
#

---------------  S U M M A R Y ------------

Command Line: --add-opens=java.base/java.util=ALL-UNNAMED --add-opens=java.base/java.lang=ALL-UNNAMED --add-opens=java.base/java.lang.invoke=ALL-UNNAMED --add-opens=java.base/java.util=ALL-UNNAMED --add-opens=java.prefs/java.util.prefs=ALL-UNNAMED --add-opens=java.prefs/java.util.prefs=ALL-UNNAMED --add-opens=java.base/java.nio.charset=ALL-UNNAMED --add-opens=java.base/java.net=ALL-UNNAMED --add-opens=java.base/java.util.concurrent.atomic=ALL-UNNAMED -Xmx2048m -Dfile.encoding=UTF-8 -Duser.country=US -Duser.language=en -Duser.variant org.gradle.launcher.daemon.bootstrap.GradleDaemon 7.0.2

Host: AMD Ryzen 5 4600H with Radeon Graphics         , 12 cores, 15G,  Windows 10 , 64 bit Build 19041 (10.0.19041.3031)
Time: Sat Jul  1 20:44:41 2023 Russia TZ 2 Standard Time elapsed time: 49.135727 seconds (0d 0h 0m 49s)

---------------  T H R E A D  ---------------

Current thread (0x000002b308bb4800):  JavaThread "C2 CompilerThread2" daemon [_thread_in_native, id=4932, stack(0x000000b5a2500000,0x000000b5a2600000)]


Current CompileTask:
C2:  49135 12096 %     4       org.gradle.internal.instantiation.generator.AbstractClassGenerator::inspectType @ 77 (560 bytes)

Stack: [0x000000b5a2500000,0x000000b5a2600000],  sp=0x000000b5a25fb670,  free space=1005k
Native frames: (J=compiled Java code, j=interpreted, Vv=VM code, C=native code)
V  [jvm.dll+0x524c59]
V  [jvm.dll+0x524484]
V  [jvm.dll+0x204a21]
V  [jvm.dll+0x2023c2]
V  [jvm.dll+0x188e01]
V  [jvm.dll+0x21106b]
V  [jvm.dll+0x20f8c1]
V  [jvm.dll+0x70de0f]
V  [jvm.dll+0x706a75]
V  [jvm.dll+0x60ed66]
C  [ucrtbase.dll+0x21bb2]
C  [KERNEL32.DLL+0x17614]
C  [ntdll.dll+0x526f1]


siginfo: EXCEPTION_ACCESS_VIOLATION (0xc0000005), reading address 0xffffffffffffffff


Register to memory mapping:

RIP=0x00007ffc04a14c59 jvm.dll
RAX=0x000002b300505600 points into unknown readable memory: 0x0000000000000000 | 00 00 00 00 00 00 00 00
RBX=0x000000b5a25fbd00 is pointing into the stack for thread: 0x000002b308bb4800
RCX=0x000000000000005d is an unknown value
RDX=0x000002b307f26a90 points into unknown readable memory: 0xeb33fffffff0094f | 4f 09 f0 ff ff ff 33 eb
RSP=0x000000b5a25fb670 is pointing into the stack for thread: 0x000002b308bb4800
RBP=0x000000b5a25fb6f0 is pointing into the stack for thread: 0x000002b308bb4800
RSI=0x0000000000000794 is an unknown value
RDI=0x001002b30468e080 is an unknown value
R8 =0x0000000000100000 is an unknown value
R9 =0x0000000000100000 is an unknown value
R10=0x000002b307f261a0 points into unknown readable memory: 0x000002b300a6f6f0 | f0 f6 a6 00 b3 02 00 00
R11=0x000002b307f279a0 points into unknown readable memory: 0x000002b301b25e00 | 00 5e b2 01 b3 02 00 00
R12=0x000002b30044ec50 points into unknown readable memory: 0x00007ffc04d75958 | 58 59 d7 04 fc 7f 00 00
R13=0x000000b5a25fb718 is pointing into the stack for thread: 0x000002b308bb4800
R14=0x000000000000005e is an unknown value
R15=0x000002b30468de78 points into unknown readable memory: 0x00007ffc04d26df8 | f8 6d d2 04 fc 7f 00 00


Registers:
RAX=0x000002b300505600, RBX=0x000000b5a25fbd00, RCX=0x000000000000005d, RDX=0x000002b307f26a90
RSP=0x000000b5a25fb670, RBP=0x000000b5a25fb6f0, RSI=0x0000000000000794, RDI=0x001002b30468e080
R8 =0x0000000000100000, R9 =0x0000000000100000, R10=0x000002b307f261a0, R11=0x000002b307f279a0
R12=0x000002b30044ec50, R13=0x000000b5a25fb718, R14=0x000000000000005e, R15=0x000002b30468de78
RIP=0x00007ffc04a14c59, EFLAGS=0x0000000000010202

Top of Stack: (sp=0x000000b5a25fb670)
0x000000b5a25fb670:   000000b5a25fbd00 000000b5a25fb6f0
0x000000b5a25fb680:   000002b30468e080 00007ffc04a15f93
0x000000b5a25fb690:   0000000000000021 0000000000000002
0x000000b5a25fb6a0:   000000b5a25fbce0 00000000000000e3
0x000000b5a25fb6b0:   000002b302ab9010 0000000000000000
0x000000b5a25fb6c0:   000000b5a25fb7d0 00007ffc04a14484
0x000000b5a25fb6d0:   000000b5a25fbce0 000002b308acea40
0x000000b5a25fb6e0:   000000000000006b 000000b5a25fb780
0x000000b5a25fb6f0:   000002b302ab9010 0000000000000200
0x000000b5a25fb700:   000002b307f271a0 00007ffc0000005e
0x000000b5a25fb710:   0000000000000021 00007ffc04d88fa8
0x000000b5a25fb720:   000002b302ab9010 000002b300000200
0x000000b5a25fb730:   000002b307f269a0 000002b302ab9010
0x000000b5a25fb740:   000002b3048d4ff0 0000000000168068
0x000000b5a25fb750:   000002b3048d5040 000002b3048dcfd8
0x000000b5a25fb760:   000002b302ab9010 00007ffc00000004 

Instructions: (pc=0x00007ffc04a14c59)
0x00007ffc04a14b59:   00 00 0f 85 d5 00 00 00 49 83 b8 a8 09 00 00 00
0x00007ffc04a14b69:   0f 85 c7 00 00 00 f6 46 5a 04 0f 84 bd 00 00 00
0x00007ffc04a14b79:   49 8b 04 24 49 8b cc ff 10 3d ff 00 00 00 0f 85
0x00007ffc04a14b89:   a9 00 00 00 48 8b 7c 24 60 49 8b d4 48 8b cf e8
0x00007ffc04a14b99:   73 49 00 00 84 c0 0f 84 91 00 00 00 49 8b 44 24
0x00007ffc04a14ba9:   08 49 8b d4 48 8b cf 4c 8b 30 4d 8b c6 e8 d5 ec
0x00007ffc04a14bb9:   fe ff 48 8b 4e 60 48 85 c9 74 08 49 8b d4 e8 54
0x00007ffc04a14bc9:   b6 0c 00 41 8b 4e 28 8b c1 c1 e8 05 41 3b 45 10
0x00007ffc04a14bd9:   72 0e 49 8b 45 00 8b d1 49 8b cd ff 50 18 eb 25
0x00007ffc04a14be9:   83 e1 1f 41 b8 01 00 00 00 41 d3 e0 8b c8 49 8b
0x00007ffc04a14bf9:   45 18 48 8d 14 88 8b 0c 88 8b c1 41 0b c8 89 0a
0x00007ffc04a14c09:   41 23 c0 75 20 8b 7d 18 8d 47 01 89 45 18 3b 7d
0x00007ffc04a14c19:   08 72 0a 8b d7 48 8b cd e8 ba a0 0c 00 48 8b 45
0x00007ffc04a14c29:   10 4c 89 34 f8 44 8b 74 24 70 41 ff c6 44 3b 74
0x00007ffc04a14c39:   24 70 0f 83 eb 00 00 00 49 8b 44 24 08 41 8b ce
0x00007ffc04a14c49:   41 ff c6 48 8b 3c c8 48 85 ff 0f 84 c3 00 00 00
0x00007ffc04a14c59:   48 8b 07 48 8b cf ff 90 a8 00 00 00 84 c0 74 32
0x00007ffc04a14c69:   48 8b 07 48 8b cf ff 50 10 84 c0 75 25 48 8b 47
0x00007ffc04a14c79:   08 8b 77 28 4c 8b 38 3b 73 08 72 0a 8b d6 48 8b
0x00007ffc04a14c89:   cb e8 51 a0 0c 00 48 8b 43 10 49 8d 57 01 48 89
0x00007ffc04a14c99:   14 f0 8b 4f 28 8b c1 c1 e8 05 41 3b 45 10 72 11
0x00007ffc04a14ca9:   49 8b 45 00 8b d1 49 8b cd ff 50 18 45 33 c9 eb
0x00007ffc04a14cb9:   20 83 e1 1f 41 b8 01 00 00 00 41 d3 e0 8b c8 45
0x00007ffc04a14cc9:   8b c8 49 8b 45 18 44 23 0c 88 48 8d 14 88 44 09
0x00007ffc04a14cd9:   02 8b 47 28 3b 43 08 0f 83 ae 00 00 00 8b c8 48
0x00007ffc04a14ce9:   8b 43 10 48 83 3c c8 00 0f 84 9d 00 00 00 45 85
0x00007ffc04a14cf9:   c9 75 20 8b 75 18 8d 46 01 89 45 18 3b 75 08 72
0x00007ffc04a14d09:   0a 8b d6 48 8b cd e8 cc 9f 0c 00 48 8b 45 10 48
0x00007ffc04a14d19:   89 3c f0 44 3b 74 24 70 0f 82 1a ff ff ff 4c 8b
0x00007ffc04a14d29:   7c 24 78 41 8b 44 24 28 3b 43 08 73 0d 8b c8 48
0x00007ffc04a14d39:   8b 43 10 48 83 3c c8 00 75 30 48 8b 4c 24 60 49
0x00007ffc04a14d49:   8b d4 e8 70 2b 00 00 41 8b 7c 24 28 48 8b f0 3b 


Stack slot to memory mapping:
stack at sp + 0 slots: 0x000000b5a25fbd00 is pointing into the stack for thread: 0x000002b308bb4800
stack at sp + 1 slots: 0x000000b5a25fb6f0 is pointing into the stack for thread: 0x000002b308bb4800
stack at sp + 2 slots: 0x000002b30468e080 points into unknown readable memory: 0x00007ffc04d145c0 | c0 45 d1 04 fc 7f 00 00
stack at sp + 3 slots: 0x00007ffc04a15f93 jvm.dll
stack at sp + 4 slots: 0x0000000000000021 is an unknown value
stack at sp + 5 slots: 0x0000000000000002 is an unknown value
stack at sp + 6 slots: 0x000000b5a25fbce0 is pointing into the stack for thread: 0x000002b308bb4800
stack at sp + 7 slots: 0x00000000000000e3 is an unknown value


---------------  P R O C E S S  ---------------

Threads class SMR info:
_java_thread_list=0x000002b3080432a0, length=61, elements={
0x000002b361c9e000, 0x000002b37e565800, 0x000002b37e566800, 0x000002b37e55f800,
0x000002b37ee35800, 0x000002b37ee37000, 0x000002b37ee3b000, 0x000002b37ee3c000,
0x000002b37ee3d800, 0x000002b37efbd800, 0x000002b301268000, 0x000002b30042f000,
0x000002b301022800, 0x000002b301410800, 0x000002b300fb5800, 0x000002b30153e000,
0x000002b30153f000, 0x000002b3016e4000, 0x000002b301ec8800, 0x000002b3013ec800,
0x000002b3013f1800, 0x000002b3013f2800, 0x000002b3013ed800, 0x000002b3013f3000,
0x000002b3013ee800, 0x000002b3013ef000, 0x000002b3013f0000, 0x000002b3013f0800,
0x000002b30179c000, 0x000002b30179d000, 0x000002b30179b800, 0x000002b30179e800,
0x000002b30179e000, 0x000002b301799800, 0x000002b301799000, 0x000002b30179f800,
0x000002b3017a0000, 0x000002b30179a800, 0x000002b3017a5000, 0x000002b3017a7000,
0x000002b3017a1000, 0x000002b3017a7800, 0x000002b3017a2000, 0x000002b3017a3800,
0x000002b3017a4800, 0x000002b3017a6000, 0x000002b308539800, 0x000002b308537000,
0x000002b308538800, 0x000002b30853a800, 0x000002b308536800, 0x000002b30853b000,
0x000002b30853c000, 0x000002b30853d000, 0x000002b30853d800, 0x000002b308538000,
0x000002b308544000, 0x000002b308bb5800, 0x000002b308bb4800, 0x000002b30853e800,
0x000002b308540000
}

Java Threads: ( => current thread )
  0x000002b361c9e000 JavaThread "main" [_thread_blocked, id=9156, stack(0x000000b59d600000,0x000000b59d700000)]
  0x000002b37e565800 JavaThread "Reference Handler" daemon [_thread_blocked, id=19204, stack(0x000000b59dd00000,0x000000b59de00000)]
  0x000002b37e566800 JavaThread "Finalizer" daemon [_thread_blocked, id=17808, stack(0x000000b59de00000,0x000000b59df00000)]
  0x000002b37e55f800 JavaThread "Signal Dispatcher" daemon [_thread_blocked, id=13340, stack(0x000000b59df00000,0x000000b59e000000)]
  0x000002b37ee35800 JavaThread "Attach Listener" daemon [_thread_blocked, id=4036, stack(0x000000b59e000000,0x000000b59e100000)]
  0x000002b37ee37000 JavaThread "Service Thread" daemon [_thread_blocked, id=11468, stack(0x000000b59e100000,0x000000b59e200000)]
  0x000002b37ee3b000 JavaThread "C2 CompilerThread0" daemon [_thread_in_native, id=13636, stack(0x000000b59e200000,0x000000b59e300000)]
  0x000002b37ee3c000 JavaThread "C1 CompilerThread0" daemon [_thread_blocked, id=6328, stack(0x000000b59e300000,0x000000b59e400000)]
  0x000002b37ee3d800 JavaThread "Sweeper thread" daemon [_thread_blocked, id=8900, stack(0x000000b59e400000,0x000000b59e500000)]
  0x000002b37efbd800 JavaThread "Common-Cleaner" daemon [_thread_blocked, id=6308, stack(0x000000b59e500000,0x000000b59e600000)]
  0x000002b301268000 JavaThread "Daemon health stats" [_thread_blocked, id=7688, stack(0x000000b59ed00000,0x000000b59ee00000)]
  0x000002b30042f000 JavaThread "Incoming local TCP Connector on port 63860" [_thread_in_native, id=16860, stack(0x000000b59ec00000,0x000000b59ed00000)]
  0x000002b301022800 JavaThread "Daemon periodic checks" [_thread_blocked, id=6304, stack(0x000000b59ee00000,0x000000b59ef00000)]
  0x000002b301410800 JavaThread "Daemon" [_thread_blocked, id=6164, stack(0x000000b59ef00000,0x000000b59f000000)]
  0x000002b300fb5800 JavaThread "Handler for socket connection from /127.0.0.1:63860 to /127.0.0.1:63861" [_thread_in_native, id=9904, stack(0x000000b59f000000,0x000000b59f100000)]
  0x000002b30153e000 JavaThread "Cancel handler" [_thread_blocked, id=16012, stack(0x000000b59f100000,0x000000b59f200000)]
  0x000002b30153f000 JavaThread "Daemon worker" [_thread_in_native, id=4284, stack(0x000000b59f200000,0x000000b59f300000)]
  0x000002b3016e4000 JavaThread "Asynchronous log dispatcher for DefaultDaemonConnection: socket connection from /127.0.0.1:63860 to /127.0.0.1:63861" [_thread_blocked, id=19168, stack(0x000000b59f300000,0x000000b59f400000)]
  0x000002b301ec8800 JavaThread "Stdin handler" [_thread_blocked, id=18908, stack(0x000000b59f400000,0x000000b59f500000)]
  0x000002b3013ec800 JavaThread "Daemon client event forwarder" [_thread_blocked, id=17848, stack(0x000000b59f500000,0x000000b59f600000)]
  0x000002b3013f1800 JavaThread "Cache worker for file hash cache (C:\Users\cupru\.gradle\caches\7.0.2\fileHashes)" [_thread_blocked, id=3032, stack(0x000000b59f600000,0x000000b59f700000)]
  0x000002b3013f2800 JavaThread "File lock request listener" [_thread_in_native, id=4380, stack(0x000000b59f700000,0x000000b59f800000)]
  0x000002b3013ed800 JavaThread "Cache worker for journal cache (C:\Users\cupru\.gradle\caches\journal-1)" [_thread_blocked, id=2680, stack(0x000000b59ff00000,0x000000b5a0000000)]
  0x000002b3013f3000 JavaThread "Cache worker for file hash cache (C:\Users\cupru\AndroidStudioProjects\SmartSchool\.gradle\7.0.2\fileHashes)" [_thread_blocked, id=16032, stack(0x000000b5a0000000,0x000000b5a0100000)]
  0x000002b3013ee800 JavaThread "File watcher server" daemon [_thread_in_native, id=13752, stack(0x000000b5a0100000,0x000000b5a0200000)]
  0x000002b3013ef000 JavaThread "File watcher consumer" daemon [_thread_blocked, id=16212, stack(0x000000b5a0200000,0x000000b5a0300000)]
  0x000002b3013f0000 JavaThread "jar transforms" [_thread_blocked, id=15428, stack(0x000000b5a0400000,0x000000b5a0500000)]
  0x000002b3013f0800 JavaThread "jar transforms Thread 2" [_thread_blocked, id=13160, stack(0x000000b59e700000,0x000000b59e800000)]
  0x000002b30179c000 JavaThread "jar transforms Thread 3" [_thread_blocked, id=17660, stack(0x000000b5a0300000,0x000000b5a0400000)]
  0x000002b30179d000 JavaThread "jar transforms Thread 4" [_thread_blocked, id=12152, stack(0x000000b5a0500000,0x000000b5a0600000)]
  0x000002b30179b800 JavaThread "jar transforms Thread 5" [_thread_blocked, id=19208, stack(0x000000b5a0600000,0x000000b5a0700000)]
  0x000002b30179e800 JavaThread "jar transforms Thread 6" [_thread_blocked, id=16508, stack(0x000000b5a0700000,0x000000b5a0800000)]
  0x000002b30179e000 JavaThread "jar transforms Thread 7" [_thread_blocked, id=15212, stack(0x000000b5a0800000,0x000000b5a0900000)]
  0x000002b301799800 JavaThread "jar transforms Thread 8" [_thread_blocked, id=13844, stack(0x000000b5a0900000,0x000000b5a0a00000)]
  0x000002b301799000 JavaThread "jar transforms Thread 9" [_thread_blocked, id=13612, stack(0x000000b5a0a00000,0x000000b5a0b00000)]
  0x000002b30179f800 JavaThread "jar transforms Thread 10" [_thread_blocked, id=8888, stack(0x000000b5a0b00000,0x000000b5a0c00000)]
  0x000002b3017a0000 JavaThread "jar transforms Thread 11" [_thread_blocked, id=10164, stack(0x000000b5a0c00000,0x000000b5a0d00000)]
  0x000002b30179a800 JavaThread "jar transforms Thread 12" [_thread_blocked, id=12552, stack(0x000000b5a0d00000,0x000000b5a0e00000)]
  0x000002b3017a5000 JavaThread "Cache worker for checksums cache (C:\Users\cupru\AndroidStudioProjects\SmartSchool\.gradle\checksums)" [_thread_blocked, id=18768, stack(0x000000b5a0f00000,0x000000b5a1000000)]
  0x000002b3017a7000 JavaThread "Cache worker for cache directory md-supplier (C:\Users\cupru\.gradle\caches\7.0.2\md-supplier)" [_thread_blocked, id=9920, stack(0x000000b5a1000000,0x000000b5a1100000)]
  0x000002b3017a1000 JavaThread "Cache worker for cache directory md-rule (C:\Users\cupru\.gradle\caches\7.0.2\md-rule)" [_thread_blocked, id=2960, stack(0x000000b5a1100000,0x000000b5a1200000)]
  0x000002b3017a7800 JavaThread "Cache worker for execution history cache (C:\Users\cupru\.gradle\caches\7.0.2\executionHistory)" [_thread_blocked, id=8104, stack(0x000000b5a1200000,0x000000b5a1300000)]
  0x000002b3017a2000 JavaThread "Cache worker for file content cache (C:\Users\cupru\.gradle\caches\7.0.2\fileContent)" [_thread_blocked, id=18788, stack(0x000000b5a1400000,0x000000b5a1500000)]
  0x000002b3017a3800 JavaThread "Cache worker for dependencies-accessors (C:\Users\cupru\AndroidStudioProjects\SmartSchool\.gradle\7.0.2\dependencies-accessors)" [_thread_blocked, id=9420, stack(0x000000b5a1500000,0x000000b5a1600000)]
  0x000002b3017a4800 JavaThread "Cache worker for Build Output Cleanup Cache (C:\Users\cupru\AndroidStudioProjects\SmartSchool\.gradle\buildOutputCleanup)" [_thread_blocked, id=9644, stack(0x000000b5a1600000,0x000000b5a1700000)]
  0x000002b3017a6000 JavaThread "Build operations" [_thread_blocked, id=3336, stack(0x000000b5a1700000,0x000000b5a1800000)]
  0x000002b308539800 JavaThread "Build operations Thread 2" [_thread_blocked, id=17116, stack(0x000000b5a1800000,0x000000b5a1900000)]
  0x000002b308537000 JavaThread "Build operations Thread 3" [_thread_blocked, id=18356, stack(0x000000b5a1a00000,0x000000b5a1b00000)]
  0x000002b308538800 JavaThread "Build operations Thread 4" [_thread_blocked, id=18888, stack(0x000000b5a1b00000,0x000000b5a1c00000)]
  0x000002b30853a800 JavaThread "Build operations Thread 5" [_thread_blocked, id=3344, stack(0x000000b5a1c00000,0x000000b5a1d00000)]
  0x000002b308536800 JavaThread "Build operations Thread 6" [_thread_blocked, id=18016, stack(0x000000b5a1d00000,0x000000b5a1e00000)]
  0x000002b30853b000 JavaThread "Build operations Thread 7" [_thread_blocked, id=13836, stack(0x000000b5a1e00000,0x000000b5a1f00000)]
  0x000002b30853c000 JavaThread "Build operations Thread 8" [_thread_blocked, id=10116, stack(0x000000b5a1f00000,0x000000b5a2000000)]
  0x000002b30853d000 JavaThread "Build operations Thread 9" [_thread_blocked, id=14140, stack(0x000000b5a2000000,0x000000b5a2100000)]
  0x000002b30853d800 JavaThread "Build operations Thread 10" [_thread_blocked, id=17084, stack(0x000000b5a2100000,0x000000b5a2200000)]
  0x000002b308538000 JavaThread "Build operations Thread 11" [_thread_blocked, id=14224, stack(0x000000b5a2200000,0x000000b5a2300000)]
  0x000002b308544000 JavaThread "Build operations Thread 12" [_thread_blocked, id=18392, stack(0x000000b5a2300000,0x000000b5a2400000)]
  0x000002b308bb5800 JavaThread "C2 CompilerThread1" daemon [_thread_blocked, id=14820, stack(0x000000b5a2400000,0x000000b5a2500000)]
=>0x000002b308bb4800 JavaThread "C2 CompilerThread2" daemon [_thread_in_native, id=4932, stack(0x000000b5a2500000,0x000000b5a2600000)]
  0x000002b30853e800 JavaThread "Memory manager" [_thread_blocked, id=15184, stack(0x000000b5a2600000,0x000000b5a2700000)]
  0x000002b308540000 JavaThread "build event listener" [_thread_blocked, id=2228, stack(0x000000b5a2700000,0x000000b5a2800000)]

Other Threads:
  0x000002b37e550000 VMThread "VM Thread" [stack: 0x000000b59dc00000,0x000000b59dd00000] [id=16320]
  0x000002b37efc3800 WatcherThread [stack: 0x000000b59e600000,0x000000b59e700000] [id=12792]
  0x000002b361cb6000 GCTaskThread "GC Thread#0" [stack: 0x000000b59d700000,0x000000b59d800000] [id=16108]
  0x000002b3003c0000 GCTaskThread "GC Thread#1" [stack: 0x000000b59e800000,0x000000b59e900000] [id=5504]
  0x000002b300098000 GCTaskThread "GC Thread#2" [stack: 0x000000b59e900000,0x000000b59ea00000] [id=9940]
  0x000002b37f169000 GCTaskThread "GC Thread#3" [stack: 0x000000b59ea00000,0x000000b59eb00000] [id=18992]
  0x000002b37f169800 GCTaskThread "GC Thread#4" [stack: 0x000000b59eb00000,0x000000b59ec00000] [id=11484]
  0x000002b30245e000 GCTaskThread "GC Thread#5" [stack: 0x000000b59f800000,0x000000b59f900000] [id=18500]
  0x000002b3028ff800 GCTaskThread "GC Thread#6" [stack: 0x000000b59f900000,0x000000b59fa00000] [id=16628]
  0x000002b3008b8000 GCTaskThread "GC Thread#7" [stack: 0x000000b59fa00000,0x000000b59fb00000] [id=9508]
  0x000002b301787800 GCTaskThread "GC Thread#8" [stack: 0x000000b59fb00000,0x000000b59fc00000] [id=11988]
  0x000002b301656000 GCTaskThread "GC Thread#9" [stack: 0x000000b59fc00000,0x000000b59fd00000] [id=16988]
  0x000002b361ce8800 ConcurrentGCThread "G1 Main Marker" [stack: 0x000000b59d800000,0x000000b59d900000] [id=14580]
  0x000002b361cea000 ConcurrentGCThread "G1 Conc#0" [stack: 0x000000b59d900000,0x000000b59da00000] [id=3372]
  0x000002b300430000 ConcurrentGCThread "G1 Conc#1" [stack: 0x000000b59fd00000,0x000000b59fe00000] [id=18740]
  0x000002b301c16800 ConcurrentGCThread "G1 Conc#2" [stack: 0x000000b59fe00000,0x000000b59ff00000] [id=10492]
  0x000002b37e420000 ConcurrentGCThread "G1 Refine#0" [stack: 0x000000b59da00000,0x000000b59db00000] [id=18268]
  0x000002b37e421000 ConcurrentGCThread "G1 Young RemSet Sampling" [stack: 0x000000b59db00000,0x000000b59dc00000] [id=1252]

Threads with active compile tasks:
C2 CompilerThread0  49170 12076       4       org.gradle.internal.logging.sink.OutputEventTransformer::onOutput (399 bytes)
C2 CompilerThread2  49170 12096 %     4       org.gradle.internal.instantiation.generator.AbstractClassGenerator::inspectType @ 77 (560 bytes)

VM state:not at safepoint (normal execution)

VM Mutex/Monitor currently owned by a thread:  ([mutex/lock_event])
[0x000002b361c9a500] SystemDictionary_lock - owner thread: 0x0000000000000000

Heap address: 0x0000000080000000, size: 2048 MB, Compressed Oops mode: 32-bit
Narrow klass base: 0x0000000000000000, Narrow klass shift: 3
Compressed class space size: 1073741824 Address: 0x0000000100000000

Heap:
 garbage-first heap   total 303104K, used 200835K [0x0000000080000000, 0x0000000100000000)
  region size 1024K, 100 young (102400K), 15 survivors (15360K)
 Metaspace       used 88720K, capacity 91028K, committed 91164K, reserved 1128448K
  class space    used 11114K, capacity 11923K, committed 11980K, reserved 1048576K
Heap Regions: E=young(eden), S=young(survivor), O=old, HS=humongous(starts), HC=humongous(continues), CS=collection set, F=free, A=archive, TAMS=top-at-mark-start (previous, next)
|   0|0x0000000080000000, 0x0000000080100000, 0x0000000080100000|100%| O|  |TAMS 0x0000000080100000, 0x0000000080000000| Untracked 
|   1|0x0000000080100000, 0x0000000080200000, 0x0000000080200000|100%| O|  |TAMS 0x0000000080200000, 0x0000000080100000| Untracked 
|   2|0x0000000080200000, 0x0000000080300000, 0x0000000080300000|100%| O|  |TAMS 0x0000000080300000, 0x0000000080200000| Untracked 
|   3|0x0000000080300000, 0x0000000080400000, 0x0000000080400000|100%|HS|  |TAMS 0x0000000080400000, 0x0000000080300000| Complete 
|   4|0x0000000080400000, 0x0000000080500000, 0x0000000080500000|100%|HC|  |TAMS 0x0000000080500000, 0x0000000080400000| Complete 
|   5|0x0000000080500000, 0x0000000080600000, 0x0000000080600000|100%|HC|  |TAMS 0x0000000080600000, 0x0000000080500000| Complete 
|   6|0x0000000080600000, 0x0000000080700000, 0x0000000080700000|100%| O|  |TAMS 0x0000000080700000, 0x0000000080600000| Untracked 
|   7|0x0000000080700000, 0x0000000080800000, 0x0000000080800000|100%| O|  |TAMS 0x0000000080800000, 0x0000000080700000| Untracked 
|   8|0x0000000080800000, 0x0000000080900000, 0x0000000080900000|100%| O|  |TAMS 0x0000000080900000, 0x0000000080800000| Untracked 
|   9|0x0000000080900000, 0x0000000080a00000, 0x0000000080a00000|100%| O|  |TAMS 0x0000000080a00000, 0x0000000080900000| Untracked 
|  10|0x0000000080a00000, 0x0000000080b00000, 0x0000000080b00000|100%| O|  |TAMS 0x0000000080b00000, 0x0000000080a00000| Untracked 
|  11|0x0000000080b00000, 0x0000000080c00000, 0x0000000080c00000|100%| O|  |TAMS 0x0000000080c00000, 0x0000000080b00000| Untracked 
|  12|0x0000000080c00000, 0x0000000080d00000, 0x0000000080d00000|100%| O|  |TAMS 0x0000000080d00000, 0x0000000080c00000| Untracked 
|  13|0x0000000080d00000, 0x0000000080e00000, 0x0000000080e00000|100%| O|  |TAMS 0x0000000080e00000, 0x0000000080d00000| Untracked 
|  14|0x0000000080e00000, 0x0000000080f00000, 0x0000000080f00000|100%| O|  |TAMS 0x0000000080f00000, 0x0000000080e00000| Untracked 
|  15|0x0000000080f00000, 0x0000000081000000, 0x0000000081000000|100%| O|  |TAMS 0x0000000081000000, 0x0000000080f00000| Untracked 
|  16|0x0000000081000000, 0x0000000081100000, 0x0000000081100000|100%| O|  |TAMS 0x0000000081100000, 0x0000000081000000| Untracked 
|  17|0x0000000081100000, 0x0000000081200000, 0x0000000081200000|100%|HS|  |TAMS 0x0000000081200000, 0x0000000081100000| Complete 
|  18|0x0000000081200000, 0x0000000081300000, 0x0000000081300000|100%|HC|  |TAMS 0x0000000081300000, 0x0000000081200000| Complete 
|  19|0x0000000081300000, 0x0000000081400000, 0x0000000081400000|100%|HS|  |TAMS 0x0000000081400000, 0x0000000081300000| Complete 
|  20|0x0000000081400000, 0x0000000081500000, 0x0000000081500000|100%|HC|  |TAMS 0x0000000081500000, 0x0000000081400000| Complete 
|  21|0x0000000081500000, 0x0000000081600000, 0x0000000081600000|100%|HC|  |TAMS 0x0000000081600000, 0x0000000081500000| Complete 
|  22|0x0000000081600000, 0x0000000081700000, 0x0000000081700000|100%|HS|  |TAMS 0x0000000081700000, 0x0000000081600000| Complete 
|  23|0x0000000081700000, 0x0000000081800000, 0x0000000081800000|100%|HC|  |TAMS 0x0000000081800000, 0x0000000081700000| Complete 
|  24|0x0000000081800000, 0x0000000081900000, 0x0000000081900000|100%|HC|  |TAMS 0x0000000081900000, 0x0000000081800000| Complete 
|  25|0x0000000081900000, 0x0000000081a00000, 0x0000000081a00000|100%|HS|  |TAMS 0x0000000081a00000, 0x0000000081900000| Complete 
|  26|0x0000000081a00000, 0x0000000081b00000, 0x0000000081b00000|100%|HC|  |TAMS 0x0000000081b00000, 0x0000000081a00000| Complete 
|  27|0x0000000081b00000, 0x0000000081c00000, 0x0000000081c00000|100%|HC|  |TAMS 0x0000000081c00000, 0x0000000081b00000| Complete 
|  28|0x0000000081c00000, 0x0000000081d00000, 0x0000000081d00000|100%|HC|  |TAMS 0x0000000081d00000, 0x0000000081c00000| Complete 
|  29|0x0000000081d00000, 0x0000000081e00000, 0x0000000081e00000|100%|HC|  |TAMS 0x0000000081e00000, 0x0000000081d00000| Complete 
|  30|0x0000000081e00000, 0x0000000081f00000, 0x0000000081f00000|100%|HS|  |TAMS 0x0000000081f00000, 0x0000000081e00000| Complete 
|  31|0x0000000081f00000, 0x0000000082000000, 0x0000000082000000|100%|HS|  |TAMS 0x0000000082000000, 0x0000000081f00000| Complete 
|  32|0x0000000082000000, 0x0000000082100000, 0x0000000082100000|100%|HC|  |TAMS 0x0000000082100000, 0x0000000082000000| Complete 
|  33|0x0000000082100000, 0x0000000082200000, 0x0000000082200000|100%|HC|  |TAMS 0x0000000082200000, 0x0000000082100000| Complete 
|  34|0x0000000082200000, 0x0000000082300000, 0x0000000082300000|100%|HC|  |TAMS 0x0000000082300000, 0x0000000082200000| Complete 
|  35|0x0000000082300000, 0x0000000082400000, 0x0000000082400000|100%| O|  |TAMS 0x0000000082400000, 0x0000000082300000| Untracked 
|  36|0x0000000082400000, 0x0000000082500000, 0x0000000082500000|100%| O|  |TAMS 0x0000000082500000, 0x0000000082400000| Untracked 
|  37|0x0000000082500000, 0x0000000082600000, 0x0000000082600000|100%| O|  |TAMS 0x0000000082600000, 0x0000000082500000| Untracked 
|  38|0x0000000082600000, 0x0000000082700000, 0x0000000082700000|100%| O|  |TAMS 0x0000000082700000, 0x0000000082600000| Untracked 
|  39|0x0000000082700000, 0x0000000082800000, 0x0000000082800000|100%| O|  |TAMS 0x0000000082800000, 0x0000000082700000| Untracked 
|  40|0x0000000082800000, 0x0000000082900000, 0x0000000082900000|100%| O|  |TAMS 0x0000000082900000, 0x0000000082800000| Untracked 
|  41|0x0000000082900000, 0x0000000082a00000, 0x0000000082a00000|100%| O|  |TAMS 0x0000000082a00000, 0x0000000082900000| Untracked 
|  42|0x0000000082a00000, 0x0000000082b00000, 0x0000000082b00000|100%| O|  |TAMS 0x0000000082b00000, 0x0000000082a00000| Untracked 
|  43|0x0000000082b00000, 0x0000000082c00000, 0x0000000082c00000|100%| O|  |TAMS 0x0000000082c00000, 0x0000000082b00000| Untracked 
|  44|0x0000000082c00000, 0x0000000082d00000, 0x0000000082d00000|100%| O|  |TAMS 0x0000000082d00000, 0x0000000082c00000| Untracked 
|  45|0x0000000082d00000, 0x0000000082e00000, 0x0000000082e00000|100%| O|  |TAMS 0x0000000082e00000, 0x0000000082d00000| Untracked 
|  46|0x0000000082e00000, 0x0000000082f00000, 0x0000000082f00000|100%|HS|  |TAMS 0x0000000082f00000, 0x0000000082e00000| Complete 
|  47|0x0000000082f00000, 0x0000000083000000, 0x0000000083000000|100%|HC|  |TAMS 0x0000000083000000, 0x0000000082f00000| Complete 
|  48|0x0000000083000000, 0x0000000083100000, 0x0000000083100000|100%| O|  |TAMS 0x0000000083000000, 0x0000000083000000| Untracked 
|  49|0x0000000083100000, 0x0000000083200000, 0x0000000083200000|100%| O|  |TAMS 0x0000000083100000, 0x0000000083100000| Untracked 
|  50|0x0000000083200000, 0x0000000083300000, 0x0000000083300000|100%| O|  |TAMS 0x0000000083200000, 0x0000000083200000| Untracked 
|  51|0x0000000083300000, 0x0000000083400000, 0x0000000083400000|100%| O|  |TAMS 0x0000000083400000, 0x0000000083300000| Untracked 
|  52|0x0000000083400000, 0x0000000083500000, 0x0000000083500000|100%| O|  |TAMS 0x0000000083500000, 0x0000000083400000| Untracked 
|  53|0x0000000083500000, 0x0000000083600000, 0x0000000083600000|100%| O|  |TAMS 0x0000000083600000, 0x0000000083500000| Untracked 
|  54|0x0000000083600000, 0x0000000083700000, 0x0000000083700000|100%| O|  |TAMS 0x0000000083700000, 0x0000000083600000| Untracked 
|  55|0x0000000083700000, 0x0000000083800000, 0x0000000083800000|100%| O|  |TAMS 0x0000000083800000, 0x0000000083700000| Untracked 
|  56|0x0000000083800000, 0x0000000083900000, 0x0000000083900000|100%| O|  |TAMS 0x00000000838d8800, 0x0000000083800000| Untracked 
|  57|0x0000000083900000, 0x0000000083a00000, 0x0000000083a00000|100%|HS|  |TAMS 0x0000000083a00000, 0x0000000083900000| Complete 
|  58|0x0000000083a00000, 0x0000000083b00000, 0x0000000083b00000|100%|HC|  |TAMS 0x0000000083b00000, 0x0000000083a00000| Complete 
|  59|0x0000000083b00000, 0x0000000083c00000, 0x0000000083c00000|100%|HC|  |TAMS 0x0000000083c00000, 0x0000000083b00000| Complete 
|  60|0x0000000083c00000, 0x0000000083d00000, 0x0000000083d00000|100%|HC|  |TAMS 0x0000000083d00000, 0x0000000083c00000| Complete 
|  61|0x0000000083d00000, 0x0000000083e00000, 0x0000000083e00000|100%|HC|  |TAMS 0x0000000083e00000, 0x0000000083d00000| Complete 
|  62|0x0000000083e00000, 0x0000000083f00000, 0x0000000083f00000|100%|HS|  |TAMS 0x0000000083f00000, 0x0000000083e00000| Complete 
|  63|0x0000000083f00000, 0x0000000084000000, 0x0000000084000000|100%|HC|  |TAMS 0x0000000084000000, 0x0000000083f00000| Complete 
|  64|0x0000000084000000, 0x0000000084100000, 0x0000000084100000|100%|HC|  |TAMS 0x0000000084100000, 0x0000000084000000| Complete 
|  65|0x0000000084100000, 0x0000000084200000, 0x0000000084200000|100%|HC|  |TAMS 0x0000000084200000, 0x0000000084100000| Complete 
|  66|0x0000000084200000, 0x0000000084300000, 0x0000000084300000|100%|HS|  |TAMS 0x0000000084300000, 0x0000000084200000| Complete 
|  67|0x0000000084300000, 0x0000000084400000, 0x0000000084400000|100%|HC|  |TAMS 0x0000000084400000, 0x0000000084300000| Complete 
|  68|0x0000000084400000, 0x0000000084500000, 0x0000000084500000|100%|HC|  |TAMS 0x0000000084500000, 0x0000000084400000| Complete 
|  69|0x0000000084500000, 0x0000000084600000, 0x0000000084600000|100%|HS|  |TAMS 0x0000000084600000, 0x0000000084500000| Complete 
|  70|0x0000000084600000, 0x0000000084700000, 0x0000000084700000|100%|HC|  |TAMS 0x0000000084700000, 0x0000000084600000| Complete 
|  71|0x0000000084700000, 0x0000000084800000, 0x0000000084800000|100%|HC|  |TAMS 0x0000000084800000, 0x0000000084700000| Complete 
|  72|0x0000000084800000, 0x0000000084900000, 0x0000000084900000|100%| O|  |TAMS 0x0000000084800000, 0x0000000084800000| Untracked 
|  73|0x0000000084900000, 0x0000000084a00000, 0x0000000084a00000|100%| O|  |TAMS 0x0000000084900000, 0x0000000084900000| Untracked 
|  74|0x0000000084a00000, 0x0000000084b00000, 0x0000000084b00000|100%| O|  |TAMS 0x0000000084a00000, 0x0000000084a00000| Untracked 
|  75|0x0000000084b00000, 0x0000000084c00000, 0x0000000084c00000|100%| O|  |TAMS 0x0000000084b00000, 0x0000000084b00000| Untracked 
|  76|0x0000000084c00000, 0x0000000084d00000, 0x0000000084d00000|100%| O|  |TAMS 0x0000000084c00000, 0x0000000084c00000| Untracked 
|  77|0x0000000084d00000, 0x0000000084e00000, 0x0000000084e00000|100%| O|  |TAMS 0x0000000084d00000, 0x0000000084d00000| Untracked 
|  78|0x0000000084e00000, 0x0000000084f00000, 0x0000000084f00000|100%| O|  |TAMS 0x0000000084e00000, 0x0000000084e00000| Untracked 
|  79|0x0000000084f00000, 0x0000000085000000, 0x0000000085000000|100%| O|  |TAMS 0x0000000084f00000, 0x0000000084f00000| Untracked 
|  80|0x0000000085000000, 0x0000000085100000, 0x0000000085100000|100%| O|  |TAMS 0x0000000085000000, 0x0000000085000000| Untracked 
|  81|0x0000000085100000, 0x0000000085200000, 0x0000000085200000|100%| O|  |TAMS 0x0000000085100000, 0x0000000085100000| Untracked 
|  82|0x0000000085200000, 0x0000000085300000, 0x0000000085300000|100%| O|  |TAMS 0x0000000085200000, 0x0000000085200000| Untracked 
|  83|0x0000000085300000, 0x0000000085400000, 0x0000000085400000|100%| O|  |TAMS 0x0000000085300000, 0x0000000085300000| Untracked 
|  84|0x0000000085400000, 0x0000000085500000, 0x0000000085500000|100%|HS|  |TAMS 0x0000000085400000, 0x0000000085400000| Complete 
|  85|0x0000000085500000, 0x0000000085600000, 0x0000000085600000|100%| O|  |TAMS 0x0000000085500000, 0x0000000085500000| Untracked 
|  86|0x0000000085600000, 0x0000000085700000, 0x0000000085700000|100%|HS|  |TAMS 0x0000000085600000, 0x0000000085600000| Complete 
|  87|0x0000000085700000, 0x0000000085800000, 0x0000000085800000|100%| O|  |TAMS 0x0000000085700000, 0x0000000085700000| Untracked 
|  88|0x0000000085800000, 0x0000000085900000, 0x0000000085900000|100%| O|  |TAMS 0x0000000085800000, 0x0000000085800000| Untracked 
|  89|0x0000000085900000, 0x0000000085986e00, 0x0000000085a00000| 52%| O|  |TAMS 0x0000000085900000, 0x0000000085900000| Untracked 
|  90|0x0000000085a00000, 0x0000000085a00000, 0x0000000085b00000|  0%| F|  |TAMS 0x0000000085a00000, 0x0000000085a00000| Untracked 
|  91|0x0000000085b00000, 0x0000000085b00000, 0x0000000085c00000|  0%| F|  |TAMS 0x0000000085b00000, 0x0000000085b00000| Untracked 
|  92|0x0000000085c00000, 0x0000000085d00000, 0x0000000085d00000|100%|HS|  |TAMS 0x0000000085c00000, 0x0000000085c00000| Complete 
|  93|0x0000000085d00000, 0x0000000085e00000, 0x0000000085e00000|100%| O|  |TAMS 0x0000000085d00000, 0x0000000085d00000| Untracked 
|  94|0x0000000085e00000, 0x0000000085f00000, 0x0000000085f00000|100%| O|  |TAMS 0x0000000085e00000, 0x0000000085e00000| Untracked 
|  95|0x0000000085f00000, 0x0000000086000000, 0x0000000086000000|100%|HS|  |TAMS 0x0000000085f00000, 0x0000000085f00000| Complete 
|  96|0x0000000086000000, 0x0000000086100000, 0x0000000086100000|100%|HC|  |TAMS 0x0000000086000000, 0x0000000086000000| Complete 
|  97|0x0000000086100000, 0x0000000086200000, 0x0000000086200000|100%|HC|  |TAMS 0x0000000086100000, 0x0000000086100000| Complete 
|  98|0x0000000086200000, 0x0000000086300000, 0x0000000086300000|100%|HS|  |TAMS 0x0000000086200000, 0x0000000086200000| Complete 
|  99|0x0000000086300000, 0x0000000086400000, 0x0000000086400000|100%|HC|  |TAMS 0x0000000086300000, 0x0000000086300000| Complete 
| 100|0x0000000086400000, 0x0000000086400000, 0x0000000086500000|  0%| F|  |TAMS 0x0000000086400000, 0x0000000086400000| Untracked 
| 101|0x0000000086500000, 0x0000000086500000, 0x0000000086600000|  0%| F|  |TAMS 0x0000000086500000, 0x0000000086500000| Untracked 
| 102|0x0000000086600000, 0x0000000086600000, 0x0000000086700000|  0%| F|  |TAMS 0x0000000086600000, 0x0000000086600000| Untracked 
| 103|0x0000000086700000, 0x0000000086700000, 0x0000000086800000|  0%| F|  |TAMS 0x0000000086700000, 0x0000000086700000| Untracked 
| 104|0x0000000086800000, 0x0000000086800000, 0x0000000086900000|  0%| F|  |TAMS 0x0000000086800000, 0x0000000086800000| Untracked 
| 105|0x0000000086900000, 0x0000000086900000, 0x0000000086a00000|  0%| F|  |TAMS 0x0000000086900000, 0x0000000086900000| Untracked 
| 106|0x0000000086a00000, 0x0000000086a00000, 0x0000000086b00000|  0%| F|  |TAMS 0x0000000086a00000, 0x0000000086a00000| Untracked 
| 107|0x0000000086b00000, 0x0000000086b00000, 0x0000000086c00000|  0%| F|  |TAMS 0x0000000086b00000, 0x0000000086b00000| Untracked 
| 108|0x0000000086c00000, 0x0000000086c00000, 0x0000000086d00000|  0%| F|  |TAMS 0x0000000086c00000, 0x0000000086c00000| Untracked 
| 109|0x0000000086d00000, 0x0000000086d00000, 0x0000000086e00000|  0%| F|  |TAMS 0x0000000086d00000, 0x0000000086d00000| Untracked 
| 110|0x0000000086e00000, 0x0000000086e00000, 0x0000000086f00000|  0%| F|  |TAMS 0x0000000086e00000, 0x0000000086e00000| Untracked 
| 111|0x0000000086f00000, 0x0000000086f00000, 0x0000000087000000|  0%| F|  |TAMS 0x0000000086f00000, 0x0000000086f00000| Untracked 
| 112|0x0000000087000000, 0x0000000087000000, 0x0000000087100000|  0%| F|  |TAMS 0x0000000087000000, 0x0000000087000000| Untracked 
| 113|0x0000000087100000, 0x0000000087100000, 0x0000000087200000|  0%| F|  |TAMS 0x0000000087100000, 0x0000000087100000| Untracked 
| 114|0x0000000087200000, 0x0000000087200000, 0x0000000087300000|  0%| F|  |TAMS 0x0000000087200000, 0x0000000087200000| Untracked 
| 115|0x0000000087300000, 0x0000000087300000, 0x0000000087400000|  0%| F|  |TAMS 0x0000000087300000, 0x0000000087300000| Untracked 
| 116|0x0000000087400000, 0x0000000087400000, 0x0000000087500000|  0%| F|  |TAMS 0x0000000087400000, 0x0000000087400000| Untracked 
| 117|0x0000000087500000, 0x0000000087500000, 0x0000000087600000|  0%| F|  |TAMS 0x0000000087500000, 0x0000000087500000| Untracked 
| 118|0x0000000087600000, 0x0000000087600000, 0x0000000087700000|  0%| F|  |TAMS 0x0000000087600000, 0x0000000087600000| Untracked 
| 119|0x0000000087700000, 0x0000000087700000, 0x0000000087800000|  0%| F|  |TAMS 0x0000000087700000, 0x0000000087700000| Untracked 
| 120|0x0000000087800000, 0x0000000087800000, 0x0000000087900000|  0%| F|  |TAMS 0x0000000087800000, 0x0000000087800000| Untracked 
| 121|0x0000000087900000, 0x0000000087900000, 0x0000000087a00000|  0%| F|  |TAMS 0x0000000087900000, 0x0000000087900000| Untracked 
| 122|0x0000000087a00000, 0x0000000087a00000, 0x0000000087b00000|  0%| F|  |TAMS 0x0000000087a00000, 0x0000000087a00000| Untracked 
| 123|0x0000000087b00000, 0x0000000087b00000, 0x0000000087c00000|  0%| F|  |TAMS 0x0000000087b00000, 0x0000000087b00000| Untracked 
| 124|0x0000000087c00000, 0x0000000087c00000, 0x0000000087d00000|  0%| F|  |TAMS 0x0000000087c00000, 0x0000000087c00000| Untracked 
| 125|0x0000000087d00000, 0x0000000087d00000, 0x0000000087e00000|  0%| F|  |TAMS 0x0000000087d00000, 0x0000000087d00000| Untracked 
| 126|0x0000000087e00000, 0x0000000087e00000, 0x0000000087f00000|  0%| F|  |TAMS 0x0000000087e00000, 0x0000000087e00000| Untracked 
| 127|0x0000000087f00000, 0x0000000087f00000, 0x0000000088000000|  0%| F|  |TAMS 0x0000000087f00000, 0x0000000087f00000| Untracked 
| 128|0x0000000088000000, 0x0000000088000000, 0x0000000088100000|  0%| F|  |TAMS 0x0000000088000000, 0x0000000088000000| Untracked 
| 129|0x0000000088100000, 0x0000000088100000, 0x0000000088200000|  0%| F|  |TAMS 0x0000000088100000, 0x0000000088100000| Untracked 
| 130|0x0000000088200000, 0x0000000088200000, 0x0000000088300000|  0%| F|  |TAMS 0x0000000088200000, 0x0000000088200000| Untracked 
| 131|0x0000000088300000, 0x0000000088300000, 0x0000000088400000|  0%| F|  |TAMS 0x0000000088300000, 0x0000000088300000| Untracked 
| 132|0x0000000088400000, 0x0000000088400000, 0x0000000088500000|  0%| F|  |TAMS 0x0000000088400000, 0x0000000088400000| Untracked 
| 133|0x0000000088500000, 0x000000008859a010, 0x0000000088600000| 60%| S|CS|TAMS 0x0000000088500000, 0x0000000088500000| Complete 
| 134|0x0000000088600000, 0x0000000088700000, 0x0000000088700000|100%| S|CS|TAMS 0x0000000088600000, 0x0000000088600000| Complete 
| 135|0x0000000088700000, 0x0000000088800000, 0x0000000088800000|100%| S|CS|TAMS 0x0000000088700000, 0x0000000088700000| Complete 
| 136|0x0000000088800000, 0x0000000088900000, 0x0000000088900000|100%| S|CS|TAMS 0x0000000088800000, 0x0000000088800000| Complete 
| 137|0x0000000088900000, 0x0000000088a00000, 0x0000000088a00000|100%| S|CS|TAMS 0x0000000088900000, 0x0000000088900000| Complete 
| 138|0x0000000088a00000, 0x0000000088b00000, 0x0000000088b00000|100%| S|CS|TAMS 0x0000000088a00000, 0x0000000088a00000| Complete 
| 139|0x0000000088b00000, 0x0000000088c00000, 0x0000000088c00000|100%| S|CS|TAMS 0x0000000088b00000, 0x0000000088b00000| Complete 
| 140|0x0000000088c00000, 0x0000000088d00000, 0x0000000088d00000|100%| S|CS|TAMS 0x0000000088c00000, 0x0000000088c00000| Complete 
| 141|0x0000000088d00000, 0x0000000088e00000, 0x0000000088e00000|100%| S|CS|TAMS 0x0000000088d00000, 0x0000000088d00000| Complete 
| 142|0x0000000088e00000, 0x0000000088f00000, 0x0000000088f00000|100%| S|CS|TAMS 0x0000000088e00000, 0x0000000088e00000| Complete 
| 143|0x0000000088f00000, 0x0000000089000000, 0x0000000089000000|100%| S|CS|TAMS 0x0000000088f00000, 0x0000000088f00000| Complete 
| 144|0x0000000089000000, 0x0000000089100000, 0x0000000089100000|100%| S|CS|TAMS 0x0000000089000000, 0x0000000089000000| Complete 
| 145|0x0000000089100000, 0x0000000089200000, 0x0000000089200000|100%| S|CS|TAMS 0x0000000089100000, 0x0000000089100000| Complete 
| 146|0x0000000089200000, 0x0000000089300000, 0x0000000089300000|100%| S|CS|TAMS 0x0000000089200000, 0x0000000089200000| Complete 
| 147|0x0000000089300000, 0x0000000089400000, 0x0000000089400000|100%| S|CS|TAMS 0x0000000089300000, 0x0000000089300000| Complete 
| 148|0x0000000089400000, 0x0000000089400000, 0x0000000089500000|  0%| F|  |TAMS 0x0000000089400000, 0x0000000089400000| Untracked 
| 149|0x0000000089500000, 0x0000000089500000, 0x0000000089600000|  0%| F|  |TAMS 0x0000000089500000, 0x0000000089500000| Untracked 
| 150|0x0000000089600000, 0x0000000089600000, 0x0000000089700000|  0%| F|  |TAMS 0x0000000089600000, 0x0000000089600000| Untracked 
| 151|0x0000000089700000, 0x0000000089700000, 0x0000000089800000|  0%| F|  |TAMS 0x0000000089700000, 0x0000000089700000| Untracked 
| 152|0x0000000089800000, 0x0000000089800000, 0x0000000089900000|  0%| F|  |TAMS 0x0000000089800000, 0x0000000089800000| Untracked 
| 153|0x0000000089900000, 0x0000000089900000, 0x0000000089a00000|  0%| F|  |TAMS 0x0000000089900000, 0x0000000089900000| Untracked 
| 154|0x0000000089a00000, 0x0000000089a00000, 0x0000000089b00000|  0%| F|  |TAMS 0x0000000089a00000, 0x0000000089a00000| Untracked 
| 155|0x0000000089b00000, 0x0000000089b00000, 0x0000000089c00000|  0%| F|  |TAMS 0x0000000089b00000, 0x0000000089b00000| Untracked 
| 156|0x0000000089c00000, 0x0000000089c00000, 0x0000000089d00000|  0%| F|  |TAMS 0x0000000089c00000, 0x0000000089c00000| Untracked 
| 157|0x0000000089d00000, 0x0000000089d00000, 0x0000000089e00000|  0%| F|  |TAMS 0x0000000089d00000, 0x0000000089d00000| Untracked 
| 158|0x0000000089e00000, 0x0000000089e00000, 0x0000000089f00000|  0%| F|  |TAMS 0x0000000089e00000, 0x0000000089e00000| Untracked 
| 159|0x0000000089f00000, 0x0000000089f00000, 0x000000008a000000|  0%| F|  |TAMS 0x0000000089f00000, 0x0000000089f00000| Untracked 
| 160|0x000000008a000000, 0x000000008a000000, 0x000000008a100000|  0%| F|  |TAMS 0x000000008a000000, 0x000000008a000000| Untracked 
| 161|0x000000008a100000, 0x000000008a100000, 0x000000008a200000|  0%| F|  |TAMS 0x000000008a100000, 0x000000008a100000| Untracked 
| 162|0x000000008a200000, 0x000000008a200000, 0x000000008a300000|  0%| F|  |TAMS 0x000000008a200000, 0x000000008a200000| Untracked 
| 163|0x000000008a300000, 0x000000008a300000, 0x000000008a400000|  0%| F|  |TAMS 0x000000008a300000, 0x000000008a300000| Untracked 
| 164|0x000000008a400000, 0x000000008a400000, 0x000000008a500000|  0%| F|  |TAMS 0x000000008a400000, 0x000000008a400000| Untracked 
| 165|0x000000008a500000, 0x000000008a500000, 0x000000008a600000|  0%| F|  |TAMS 0x000000008a500000, 0x000000008a500000| Untracked 
| 166|0x000000008a600000, 0x000000008a600000, 0x000000008a700000|  0%| F|  |TAMS 0x000000008a600000, 0x000000008a600000| Untracked 
| 167|0x000000008a700000, 0x000000008a700000, 0x000000008a800000|  0%| F|  |TAMS 0x000000008a700000, 0x000000008a700000| Untracked 
| 168|0x000000008a800000, 0x000000008a800000, 0x000000008a900000|  0%| F|  |TAMS 0x000000008a800000, 0x000000008a800000| Untracked 
| 169|0x000000008a900000, 0x000000008a900000, 0x000000008aa00000|  0%| F|  |TAMS 0x000000008a900000, 0x000000008a900000| Untracked 
| 170|0x000000008aa00000, 0x000000008aa00000, 0x000000008ab00000|  0%| F|  |TAMS 0x000000008aa00000, 0x000000008aa00000| Untracked 
| 171|0x000000008ab00000, 0x000000008ab00000, 0x000000008ac00000|  0%| F|  |TAMS 0x000000008ab00000, 0x000000008ab00000| Untracked 
| 172|0x000000008ac00000, 0x000000008ac00000, 0x000000008ad00000|  0%| F|  |TAMS 0x000000008ac00000, 0x000000008ac00000| Untracked 
| 173|0x000000008ad00000, 0x000000008ad00000, 0x000000008ae00000|  0%| F|  |TAMS 0x000000008ad00000, 0x000000008ad00000| Untracked 
| 174|0x000000008ae00000, 0x000000008ae00000, 0x000000008af00000|  0%| F|  |TAMS 0x000000008ae00000, 0x000000008ae00000| Untracked 
| 175|0x000000008af00000, 0x000000008af00000, 0x000000008b000000|  0%| F|  |TAMS 0x000000008af00000, 0x000000008af00000| Untracked 
| 176|0x000000008b000000, 0x000000008b000000, 0x000000008b100000|  0%| F|  |TAMS 0x000000008b000000, 0x000000008b000000| Untracked 
| 177|0x000000008b100000, 0x000000008b100000, 0x000000008b200000|  0%| F|  |TAMS 0x000000008b100000, 0x000000008b100000| Untracked 
| 178|0x000000008b200000, 0x000000008b200000, 0x000000008b300000|  0%| F|  |TAMS 0x000000008b200000, 0x000000008b200000| Untracked 
| 179|0x000000008b300000, 0x000000008b300000, 0x000000008b400000|  0%| F|  |TAMS 0x000000008b300000, 0x000000008b300000| Untracked 
| 180|0x000000008b400000, 0x000000008b400000, 0x000000008b500000|  0%| F|  |TAMS 0x000000008b400000, 0x000000008b400000| Untracked 
| 181|0x000000008b500000, 0x000000008b500000, 0x000000008b600000|  0%| F|  |TAMS 0x000000008b500000, 0x000000008b500000| Untracked 
| 182|0x000000008b600000, 0x000000008b600000, 0x000000008b700000|  0%| F|  |TAMS 0x000000008b600000, 0x000000008b600000| Untracked 
| 183|0x000000008b700000, 0x000000008b700000, 0x000000008b800000|  0%| F|  |TAMS 0x000000008b700000, 0x000000008b700000| Untracked 
| 184|0x000000008b800000, 0x000000008b800000, 0x000000008b900000|  0%| F|  |TAMS 0x000000008b800000, 0x000000008b800000| Untracked 
| 185|0x000000008b900000, 0x000000008b900000, 0x000000008ba00000|  0%| F|  |TAMS 0x000000008b900000, 0x000000008b900000| Untracked 
| 186|0x000000008ba00000, 0x000000008ba00000, 0x000000008bb00000|  0%| F|  |TAMS 0x000000008ba00000, 0x000000008ba00000| Untracked 
| 187|0x000000008bb00000, 0x000000008bb00000, 0x000000008bc00000|  0%| F|  |TAMS 0x000000008bb00000, 0x000000008bb00000| Untracked 
| 188|0x000000008bc00000, 0x000000008bc00000, 0x000000008bd00000|  0%| F|  |TAMS 0x000000008bc00000, 0x000000008bc00000| Untracked 
| 189|0x000000008bd00000, 0x000000008bd00000, 0x000000008be00000|  0%| F|  |TAMS 0x000000008bd00000, 0x000000008bd00000| Untracked 
| 190|0x000000008be00000, 0x000000008be00000, 0x000000008bf00000|  0%| F|  |TAMS 0x000000008be00000, 0x000000008be00000| Untracked 
| 191|0x000000008bf00000, 0x000000008bf00000, 0x000000008c000000|  0%| F|  |TAMS 0x000000008bf00000, 0x000000008bf00000| Untracked 
| 192|0x000000008c000000, 0x000000008c000000, 0x000000008c100000|  0%| F|  |TAMS 0x000000008c000000, 0x000000008c000000| Untracked 
| 193|0x000000008c100000, 0x000000008c100000, 0x000000008c200000|  0%| F|  |TAMS 0x000000008c100000, 0x000000008c100000| Untracked 
| 194|0x000000008c200000, 0x000000008c200000, 0x000000008c300000|  0%| F|  |TAMS 0x000000008c200000, 0x000000008c200000| Untracked 
| 195|0x000000008c300000, 0x000000008c300000, 0x000000008c400000|  0%| F|  |TAMS 0x000000008c300000, 0x000000008c300000| Untracked 
| 196|0x000000008c400000, 0x000000008c400000, 0x000000008c500000|  0%| F|  |TAMS 0x000000008c400000, 0x000000008c400000| Untracked 
| 197|0x000000008c500000, 0x000000008c500000, 0x000000008c600000|  0%| F|  |TAMS 0x000000008c500000, 0x000000008c500000| Untracked 
| 198|0x000000008c600000, 0x000000008c600000, 0x000000008c700000|  0%| F|  |TAMS 0x000000008c600000, 0x000000008c600000| Untracked 
| 199|0x000000008c700000, 0x000000008c700000, 0x000000008c800000|  0%| F|  |TAMS 0x000000008c700000, 0x000000008c700000| Untracked 
| 200|0x000000008c800000, 0x000000008c800000, 0x000000008c900000|  0%| F|  |TAMS 0x000000008c800000, 0x000000008c800000| Untracked 
| 201|0x000000008c900000, 0x000000008c900000, 0x000000008ca00000|  0%| F|  |TAMS 0x000000008c900000, 0x000000008c900000| Untracked 
| 202|0x000000008ca00000, 0x000000008ca00000, 0x000000008cb00000|  0%| F|  |TAMS 0x000000008ca00000, 0x000000008ca00000| Untracked 
| 203|0x000000008cb00000, 0x000000008cb00000, 0x000000008cc00000|  0%| F|  |TAMS 0x000000008cb00000, 0x000000008cb00000| Untracked 
| 204|0x000000008cc00000, 0x000000008cc00000, 0x000000008cd00000|  0%| F|  |TAMS 0x000000008cc00000, 0x000000008cc00000| Untracked 
| 205|0x000000008cd00000, 0x000000008cd00000, 0x000000008ce00000|  0%| F|  |TAMS 0x000000008cd00000, 0x000000008cd00000| Untracked 
| 206|0x000000008ce00000, 0x000000008ce00000, 0x000000008cf00000|  0%| F|  |TAMS 0x000000008ce00000, 0x000000008ce00000| Untracked 
| 207|0x000000008cf00000, 0x000000008cf00000, 0x000000008d000000|  0%| F|  |TAMS 0x000000008cf00000, 0x000000008cf00000| Untracked 
| 208|0x000000008d000000, 0x000000008d000000, 0x000000008d100000|  0%| F|  |TAMS 0x000000008d000000, 0x000000008d000000| Untracked 
| 209|0x000000008d100000, 0x000000008d100000, 0x000000008d200000|  0%| F|  |TAMS 0x000000008d100000, 0x000000008d100000| Untracked 
| 210|0x000000008d200000, 0x000000008d280800, 0x000000008d300000| 50%| E|  |TAMS 0x000000008d200000, 0x000000008d200000| Complete 
| 211|0x000000008d300000, 0x000000008d400000, 0x000000008d400000|100%| E|CS|TAMS 0x000000008d300000, 0x000000008d300000| Complete 
| 212|0x000000008d400000, 0x000000008d500000, 0x000000008d500000|100%| E|CS|TAMS 0x000000008d400000, 0x000000008d400000| Complete 
| 213|0x000000008d500000, 0x000000008d600000, 0x000000008d600000|100%| E|CS|TAMS 0x000000008d500000, 0x000000008d500000| Complete 
| 214|0x000000008d600000, 0x000000008d700000, 0x000000008d700000|100%| E|CS|TAMS 0x000000008d600000, 0x000000008d600000| Complete 
| 215|0x000000008d700000, 0x000000008d800000, 0x000000008d800000|100%| E|CS|TAMS 0x000000008d700000, 0x000000008d700000| Complete 
| 216|0x000000008d800000, 0x000000008d900000, 0x000000008d900000|100%| E|CS|TAMS 0x000000008d800000, 0x000000008d800000| Complete 
| 217|0x000000008d900000, 0x000000008da00000, 0x000000008da00000|100%| E|CS|TAMS 0x000000008d900000, 0x000000008d900000| Complete 
| 218|0x000000008da00000, 0x000000008db00000, 0x000000008db00000|100%| E|CS|TAMS 0x000000008da00000, 0x000000008da00000| Complete 
| 219|0x000000008db00000, 0x000000008dc00000, 0x000000008dc00000|100%| E|CS|TAMS 0x000000008db00000, 0x000000008db00000| Complete 
| 220|0x000000008dc00000, 0x000000008dd00000, 0x000000008dd00000|100%| E|CS|TAMS 0x000000008dc00000, 0x000000008dc00000| Complete 
| 221|0x000000008dd00000, 0x000000008de00000, 0x000000008de00000|100%| E|CS|TAMS 0x000000008dd00000, 0x000000008dd00000| Complete 
| 222|0x000000008de00000, 0x000000008df00000, 0x000000008df00000|100%| E|CS|TAMS 0x000000008de00000, 0x000000008de00000| Complete 
| 223|0x000000008df00000, 0x000000008e000000, 0x000000008e000000|100%| E|CS|TAMS 0x000000008df00000, 0x000000008df00000| Complete 
| 224|0x000000008e000000, 0x000000008e100000, 0x000000008e100000|100%| E|CS|TAMS 0x000000008e000000, 0x000000008e000000| Complete 
| 225|0x000000008e100000, 0x000000008e200000, 0x000000008e200000|100%| E|CS|TAMS 0x000000008e100000, 0x000000008e100000| Complete 
| 226|0x000000008e200000, 0x000000008e300000, 0x000000008e300000|100%| E|CS|TAMS 0x000000008e200000, 0x000000008e200000| Complete 
| 227|0x000000008e300000, 0x000000008e400000, 0x000000008e400000|100%| E|CS|TAMS 0x000000008e300000, 0x000000008e300000| Complete 
| 228|0x000000008e400000, 0x000000008e500000, 0x000000008e500000|100%| E|CS|TAMS 0x000000008e400000, 0x000000008e400000| Complete 
| 229|0x000000008e500000, 0x000000008e600000, 0x000000008e600000|100%| E|CS|TAMS 0x000000008e500000, 0x000000008e500000| Complete 
| 230|0x000000008e600000, 0x000000008e700000, 0x000000008e700000|100%| E|CS|TAMS 0x000000008e600000, 0x000000008e600000| Complete 
| 231|0x000000008e700000, 0x000000008e800000, 0x000000008e800000|100%| E|CS|TAMS 0x000000008e700000, 0x000000008e700000| Complete 
| 232|0x000000008e800000, 0x000000008e900000, 0x000000008e900000|100%| E|CS|TAMS 0x000000008e800000, 0x000000008e800000| Complete 
| 233|0x000000008e900000, 0x000000008ea00000, 0x000000008ea00000|100%| E|CS|TAMS 0x000000008e900000, 0x000000008e900000| Complete 
| 234|0x000000008ea00000, 0x000000008eb00000, 0x000000008eb00000|100%| E|CS|TAMS 0x000000008ea00000, 0x000000008ea00000| Complete 
| 235|0x000000008eb00000, 0x000000008ec00000, 0x000000008ec00000|100%| E|CS|TAMS 0x000000008eb00000, 0x000000008eb00000| Complete 
| 236|0x000000008ec00000, 0x000000008ed00000, 0x000000008ed00000|100%| E|CS|TAMS 0x000000008ec00000, 0x000000008ec00000| Complete 
| 237|0x000000008ed00000, 0x000000008ee00000, 0x000000008ee00000|100%| E|CS|TAMS 0x000000008ed00000, 0x000000008ed00000| Complete 
| 238|0x000000008ee00000, 0x000000008ef00000, 0x000000008ef00000|100%| E|CS|TAMS 0x000000008ee00000, 0x000000008ee00000| Complete 
| 239|0x000000008ef00000, 0x000000008f000000, 0x000000008f000000|100%| E|CS|TAMS 0x000000008ef00000, 0x000000008ef00000| Complete 
| 240|0x000000008f000000, 0x000000008f100000, 0x000000008f100000|100%| E|CS|TAMS 0x000000008f000000, 0x000000008f000000| Complete 
| 241|0x000000008f100000, 0x000000008f200000, 0x000000008f200000|100%| E|CS|TAMS 0x000000008f100000, 0x000000008f100000| Complete 
| 242|0x000000008f200000, 0x000000008f300000, 0x000000008f300000|100%| E|CS|TAMS 0x000000008f200000, 0x000000008f200000| Complete 
| 243|0x000000008f300000, 0x000000008f400000, 0x000000008f400000|100%| E|CS|TAMS 0x000000008f300000, 0x000000008f300000| Complete 
| 244|0x000000008f400000, 0x000000008f500000, 0x000000008f500000|100%| E|CS|TAMS 0x000000008f400000, 0x000000008f400000| Complete 
| 245|0x000000008f500000, 0x000000008f600000, 0x000000008f600000|100%| E|CS|TAMS 0x000000008f500000, 0x000000008f500000| Complete 
| 246|0x000000008f600000, 0x000000008f700000, 0x000000008f700000|100%| E|CS|TAMS 0x000000008f600000, 0x000000008f600000| Complete 
| 247|0x000000008f700000, 0x000000008f800000, 0x000000008f800000|100%| E|CS|TAMS 0x000000008f700000, 0x000000008f700000| Complete 
| 248|0x000000008f800000, 0x000000008f900000, 0x000000008f900000|100%| E|CS|TAMS 0x000000008f800000, 0x000000008f800000| Complete 
| 249|0x000000008f900000, 0x000000008fa00000, 0x000000008fa00000|100%| E|CS|TAMS 0x000000008f900000, 0x000000008f900000| Complete 
| 250|0x000000008fa00000, 0x000000008fb00000, 0x000000008fb00000|100%| E|CS|TAMS 0x000000008fa00000, 0x000000008fa00000| Complete 
| 251|0x000000008fb00000, 0x000000008fc00000, 0x000000008fc00000|100%| E|CS|TAMS 0x000000008fb00000, 0x000000008fb00000| Complete 
| 252|0x000000008fc00000, 0x000000008fd00000, 0x000000008fd00000|100%| E|CS|TAMS 0x000000008fc00000, 0x000000008fc00000| Complete 
| 253|0x000000008fd00000, 0x000000008fe00000, 0x000000008fe00000|100%| E|CS|TAMS 0x000000008fd00000, 0x000000008fd00000| Complete 
| 254|0x000000008fe00000, 0x000000008ff00000, 0x000000008ff00000|100%| E|CS|TAMS 0x000000008fe00000, 0x000000008fe00000| Complete 
| 255|0x000000008ff00000, 0x0000000090000000, 0x0000000090000000|100%| E|CS|TAMS 0x000000008ff00000, 0x000000008ff00000| Complete 
| 256|0x0000000090000000, 0x0000000090100000, 0x0000000090100000|100%| E|CS|TAMS 0x0000000090000000, 0x0000000090000000| Complete 
| 257|0x0000000090100000, 0x0000000090200000, 0x0000000090200000|100%| E|CS|TAMS 0x0000000090100000, 0x0000000090100000| Complete 
| 258|0x0000000090200000, 0x0000000090300000, 0x0000000090300000|100%| E|CS|TAMS 0x0000000090200000, 0x0000000090200000| Complete 
| 259|0x0000000090300000, 0x0000000090400000, 0x0000000090400000|100%| E|CS|TAMS 0x0000000090300000, 0x0000000090300000| Complete 
| 260|0x0000000090400000, 0x0000000090500000, 0x0000000090500000|100%| E|CS|TAMS 0x0000000090400000, 0x0000000090400000| Complete 
| 261|0x0000000090500000, 0x0000000090600000, 0x0000000090600000|100%| E|CS|TAMS 0x0000000090500000, 0x0000000090500000| Complete 
| 262|0x0000000090600000, 0x0000000090700000, 0x0000000090700000|100%| E|CS|TAMS 0x0000000090600000, 0x0000000090600000| Complete 
| 263|0x0000000090700000, 0x0000000090800000, 0x0000000090800000|100%| E|CS|TAMS 0x0000000090700000, 0x0000000090700000| Complete 
| 264|0x0000000090800000, 0x0000000090900000, 0x0000000090900000|100%| E|CS|TAMS 0x0000000090800000, 0x0000000090800000| Complete 
| 265|0x0000000090900000, 0x0000000090a00000, 0x0000000090a00000|100%| E|CS|TAMS 0x0000000090900000, 0x0000000090900000| Complete 
| 266|0x0000000090a00000, 0x0000000090b00000, 0x0000000090b00000|100%| E|CS|TAMS 0x0000000090a00000, 0x0000000090a00000| Complete 
| 267|0x0000000090b00000, 0x0000000090c00000, 0x0000000090c00000|100%| E|CS|TAMS 0x0000000090b00000, 0x0000000090b00000| Complete 
| 268|0x0000000090c00000, 0x0000000090d00000, 0x0000000090d00000|100%| E|CS|TAMS 0x0000000090c00000, 0x0000000090c00000| Complete 
| 269|0x0000000090d00000, 0x0000000090e00000, 0x0000000090e00000|100%| E|CS|TAMS 0x0000000090d00000, 0x0000000090d00000| Complete 
| 270|0x0000000090e00000, 0x0000000090f00000, 0x0000000090f00000|100%| E|CS|TAMS 0x0000000090e00000, 0x0000000090e00000| Complete 
| 271|0x0000000090f00000, 0x0000000091000000, 0x0000000091000000|100%| E|CS|TAMS 0x0000000090f00000, 0x0000000090f00000| Complete 
| 272|0x0000000091000000, 0x0000000091100000, 0x0000000091100000|100%| E|CS|TAMS 0x0000000091000000, 0x0000000091000000| Complete 
| 273|0x0000000091100000, 0x0000000091200000, 0x0000000091200000|100%| E|CS|TAMS 0x0000000091100000, 0x0000000091100000| Complete 
| 274|0x0000000091200000, 0x0000000091300000, 0x0000000091300000|100%| E|CS|TAMS 0x0000000091200000, 0x0000000091200000| Complete 
| 275|0x0000000091300000, 0x0000000091400000, 0x0000000091400000|100%| E|CS|TAMS 0x0000000091300000, 0x0000000091300000| Complete 
| 276|0x0000000091400000, 0x0000000091500000, 0x0000000091500000|100%| E|CS|TAMS 0x0000000091400000, 0x0000000091400000| Complete 
| 277|0x0000000091500000, 0x0000000091600000, 0x0000000091600000|100%| E|CS|TAMS 0x0000000091500000, 0x0000000091500000| Complete 
| 278|0x0000000091600000, 0x0000000091700000, 0x0000000091700000|100%| E|CS|TAMS 0x0000000091600000, 0x0000000091600000| Complete 
| 279|0x0000000091700000, 0x0000000091800000, 0x0000000091800000|100%| E|CS|TAMS 0x0000000091700000, 0x0000000091700000| Complete 
| 280|0x0000000091800000, 0x0000000091900000, 0x0000000091900000|100%| E|CS|TAMS 0x0000000091800000, 0x0000000091800000| Complete 
| 281|0x0000000091900000, 0x0000000091a00000, 0x0000000091a00000|100%| E|CS|TAMS 0x0000000091900000, 0x0000000091900000| Complete 
| 282|0x0000000091a00000, 0x0000000091b00000, 0x0000000091b00000|100%| E|CS|TAMS 0x0000000091a00000, 0x0000000091a00000| Complete 
| 283|0x0000000091b00000, 0x0000000091c00000, 0x0000000091c00000|100%| E|CS|TAMS 0x0000000091b00000, 0x0000000091b00000| Complete 
| 284|0x0000000091c00000, 0x0000000091d00000, 0x0000000091d00000|100%| E|CS|TAMS 0x0000000091c00000, 0x0000000091c00000| Complete 
| 285|0x0000000091d00000, 0x0000000091e00000, 0x0000000091e00000|100%| E|CS|TAMS 0x0000000091d00000, 0x0000000091d00000| Complete 
| 286|0x0000000091e00000, 0x0000000091f00000, 0x0000000091f00000|100%| E|CS|TAMS 0x0000000091e00000, 0x0000000091e00000| Complete 
| 287|0x0000000091f00000, 0x0000000092000000, 0x0000000092000000|100%| E|CS|TAMS 0x0000000091f00000, 0x0000000091f00000| Complete 
| 288|0x0000000092000000, 0x0000000092100000, 0x0000000092100000|100%| E|CS|TAMS 0x0000000092000000, 0x0000000092000000| Complete 
| 289|0x0000000092100000, 0x0000000092200000, 0x0000000092200000|100%| E|CS|TAMS 0x0000000092100000, 0x0000000092100000| Complete 
| 290|0x0000000092200000, 0x0000000092300000, 0x0000000092300000|100%| E|CS|TAMS 0x0000000092200000, 0x0000000092200000| Complete 
| 291|0x0000000092300000, 0x0000000092400000, 0x0000000092400000|100%| E|CS|TAMS 0x0000000092300000, 0x0000000092300000| Complete 
| 292|0x0000000092400000, 0x0000000092500000, 0x0000000092500000|100%| E|CS|TAMS 0x0000000092400000, 0x0000000092400000| Complete 
| 293|0x0000000092500000, 0x0000000092600000, 0x0000000092600000|100%| E|CS|TAMS 0x0000000092500000, 0x0000000092500000| Complete 
| 294|0x0000000092600000, 0x0000000092700000, 0x0000000092700000|100%| E|CS|TAMS 0x0000000092600000, 0x0000000092600000| Complete 
| 295|0x0000000092700000, 0x0000000092800000, 0x0000000092800000|100%| E|CS|TAMS 0x0000000092700000, 0x0000000092700000| Complete 

Card table byte_map: [0x000002b377020000,0x000002b377420000] _byte_map_base: 0x000002b376c20000

Marking Bits (Prev, Next): (CMBitMap*) 0x000002b361cdfa20, (CMBitMap*) 0x000002b361cdf9e8
 Prev Bits: [0x000002b379820000, 0x000002b37b820000)
 Next Bits: [0x000002b377820000, 0x000002b379820000)

Polling page: 0x000002b361d80000

Metaspace:

Usage:
  Non-class:     77.31 MB capacity,    75.86 MB ( 98%) used,     1.22 MB (  2%) free+waste,   231.50 KB ( <1%) overhead. 
      Class:     11.65 MB capacity,    10.87 MB ( 93%) used,   687.98 KB (  6%) free+waste,   106.38 KB ( <1%) overhead. 
       Both:     88.96 MB capacity,    86.73 MB ( 97%) used,     1.89 MB (  2%) free+waste,   337.88 KB ( <1%) overhead. 

Virtual space:
  Non-class space:       78.00 MB reserved,      77.33 MB (>99%) committed 
      Class space:        1.00 GB reserved,      11.70 MB (  1%) committed 
             Both:        1.08 GB reserved,      89.03 MB (  8%) committed 

Chunk freelists:
   Non-Class:  15.00 KB
       Class:  11.00 KB
        Both:  26.00 KB

MaxMetaspaceSize: 17179869184.00 GB
CompressedClassSpaceSize: 1.00 GB
Initial GC threshold: 20.80 MB
Current GC threshold: 97.75 MB
CDS: off

CodeHeap 'non-profiled nmethods': size=120000Kb used=10737Kb max_used=10737Kb free=109262Kb
 bounds [0x000002b36ea60000, 0x000002b36f4e0000, 0x000002b375f90000]
CodeHeap 'profiled nmethods': size=120000Kb used=26372Kb max_used=26372Kb free=93627Kb
 bounds [0x000002b367530000, 0x000002b368f00000, 0x000002b36ea60000]
CodeHeap 'non-nmethods': size=5760Kb used=2389Kb max_used=2449Kb free=3370Kb
 bounds [0x000002b366f90000, 0x000002b367200000, 0x000002b367530000]
 total_blobs=12946 nmethods=12031 adapters=827
 compilation: enabled
              stopped_count=0, restarted_count=0
 full_count=0

Compilation events (20 events):
Event: 49.109 Thread 0x000002b37ee3c000 nmethod 12183 0x000002b368ee9a90 code [0x000002b368ee9c80, 0x000002b368eea118]
Event: 49.109 Thread 0x000002b37ee3c000 12184       3       org.gradle.api.internal.tasks.AbstractTaskDependency::<init> (5 bytes)
Event: 49.111 Thread 0x000002b37ee3c000 nmethod 12184 0x000002b368eea310 code [0x000002b368eea4c0, 0x000002b368eea618]
Event: 49.112 Thread 0x000002b37ee3c000 12185       3       org.gradle.api.internal.project.DefaultProject::getExtensions (8 bytes)
Event: 49.112 Thread 0x000002b37ee3c000 nmethod 12185 0x000002b368eea710 code [0x000002b368eea8e0, 0x000002b368eeac58]
Event: 49.112 Thread 0x000002b37ee3c000 12186       3       org.gradle.api.internal.DefaultDomainObjectCollection$IteratorImpl::<init> (15 bytes)
Event: 49.112 Thread 0x000002b37ee3c000 nmethod 12186 0x000002b368eead90 code [0x000002b368eeaf40, 0x000002b368eeb158]
Event: 49.112 Thread 0x000002b37ee3c000 12187       3       org.gradle.api.internal.project.DefaultProject::getExtensions (5 bytes)
Event: 49.113 Thread 0x000002b37ee3c000 nmethod 12187 0x000002b368eeb210 code [0x000002b368eeb3e0, 0x000002b368eeb838]
Event: 49.113 Thread 0x000002b37ee3c000 12188       1       org.jetbrains.kotlin.gradle.plugin.sources.DefaultKotlinSourceSet::getDependsOn (5 bytes)
Event: 49.113 Thread 0x000002b37ee3c000 nmethod 12188 0x000002b36f4d9310 code [0x000002b36f4d94c0, 0x000002b36f4d9578]
Event: 49.113 Thread 0x000002b37ee3c000 12189       1       org.gradle.api.internal.file.BaseDirFileResolver::getBaseDir (5 bytes)
Event: 49.113 Thread 0x000002b37ee3c000 nmethod 12189 0x000002b36f4d9610 code [0x000002b36f4d97c0, 0x000002b36f4d9878]
Event: 49.119 Thread 0x000002b308bb5800 nmethod 12110 0x000002b36f4d9910 code [0x000002b36f4d9ae0, 0x000002b36f4da288]
Event: 49.119 Thread 0x000002b308bb5800 12108       4       java.util.LinkedHashMap$LinkedEntryIterator::next (5 bytes)
Event: 49.121 Thread 0x000002b308bb5800 nmethod 12108 0x000002b36f4da610 code [0x000002b36f4da7a0, 0x000002b36f4da9d8]
Event: 49.121 Thread 0x000002b308bb5800 12112       4       org.gradle.internal.operations.DefaultBuildOperationExecutor$ListenerAdapter::close (1 bytes)
Event: 49.122 Thread 0x000002b308bb5800 nmethod 12112 0x000002b36f4dab10 code [0x000002b36f4daca0, 0x000002b36f4dacf8]
Event: 49.122 Thread 0x000002b308bb5800 12131       4       org.gradle.internal.instantiation.generator.ParamsMatchingConstructorSelector::vetoParameters (1 bytes)
Event: 49.122 Thread 0x000002b308bb5800 nmethod 12131 0x000002b36f4dae10 code [0x000002b36f4dafa0, 0x000002b36f4daff8]

GC Heap History (20 events):
Event: 42.930 GC heap before
{Heap before GC invocations=49 (full 0):
 garbage-first heap   total 303104K, used 250395K [0x0000000080000000, 0x0000000100000000)
  region size 1024K, 153 young (156672K), 8 survivors (8192K)
 Metaspace       used 65742K, capacity 67681K, committed 67740K, reserved 1107968K
  class space    used 8077K, capacity 8722K, committed 8780K, reserved 1048576K
}
Event: 42.936 GC heap after
{Heap after GC invocations=50 (full 0):
 garbage-first heap   total 303104K, used 102914K [0x0000000080000000, 0x0000000100000000)
  region size 1024K, 9 young (9216K), 9 survivors (9216K)
 Metaspace       used 65742K, capacity 67681K, committed 67740K, reserved 1107968K
  class space    used 8077K, capacity 8722K, committed 8780K, reserved 1048576K
}
Event: 44.465 GC heap before
{Heap before GC invocations=50 (full 0):
 garbage-first heap   total 303104K, used 253442K [0x0000000080000000, 0x0000000100000000)
  region size 1024K, 155 young (158720K), 9 survivors (9216K)
 Metaspace       used 65790K, capacity 67689K, committed 67996K, reserved 1107968K
  class space    used 8077K, capacity 8722K, committed 8780K, reserved 1048576K
}
Event: 44.467 GC heap after
{Heap after GC invocations=51 (full 0):
 garbage-first heap   total 303104K, used 94447K [0x0000000080000000, 0x0000000100000000)
  region size 1024K, 3 young (3072K), 3 survivors (3072K)
 Metaspace       used 65790K, capacity 67689K, committed 67996K, reserved 1107968K
  class space    used 8077K, capacity 8722K, committed 8780K, reserved 1048576K
}
Event: 44.750 GC heap before
{Heap before GC invocations=51 (full 0):
 garbage-first heap   total 303104K, used 257263K [0x0000000080000000, 0x0000000100000000)
  region size 1024K, 161 young (164864K), 3 survivors (3072K)
 Metaspace       used 65795K, capacity 67689K, committed 67996K, reserved 1107968K
  class space    used 8077K, capacity 8722K, committed 8780K, reserved 1048576K
}
Event: 44.751 GC heap after
{Heap after GC invocations=52 (full 0):
 garbage-first heap   total 303104K, used 94035K [0x0000000080000000, 0x0000000100000000)
  region size 1024K, 2 young (2048K), 2 survivors (2048K)
 Metaspace       used 65795K, capacity 67689K, committed 67996K, reserved 1107968K
  class space    used 8077K, capacity 8722K, committed 8780K, reserved 1048576K
}
Event: 45.127 GC heap before
{Heap before GC invocations=52 (full 0):
 garbage-first heap   total 303104K, used 259923K [0x0000000080000000, 0x0000000100000000)
  region size 1024K, 164 young (167936K), 2 survivors (2048K)
 Metaspace       used 65824K, capacity 67695K, committed 67996K, reserved 1107968K
  class space    used 8077K, capacity 8722K, committed 8780K, reserved 1048576K
}
Event: 45.128 GC heap after
{Heap after GC invocations=53 (full 0):
 garbage-first heap   total 303104K, used 92605K [0x0000000080000000, 0x0000000100000000)
  region size 1024K, 2 young (2048K), 2 survivors (2048K)
 Metaspace       used 65824K, capacity 67695K, committed 67996K, reserved 1107968K
  class space    used 8077K, capacity 8722K, committed 8780K, reserved 1048576K
}
Event: 45.467 GC heap before
{Heap before GC invocations=53 (full 0):
 garbage-first heap   total 303104K, used 264637K [0x0000000080000000, 0x0000000100000000)
  region size 1024K, 167 young (171008K), 2 survivors (2048K)
 Metaspace       used 65824K, capacity 67695K, committed 67996K, reserved 1107968K
  class space    used 8077K, capacity 8722K, committed 8780K, reserved 1048576K
}
Event: 45.469 GC heap after
{Heap after GC invocations=54 (full 0):
 garbage-first heap   total 303104K, used 97169K [0x0000000080000000, 0x0000000100000000)
  region size 1024K, 3 young (3072K), 3 survivors (3072K)
 Metaspace       used 65824K, capacity 67695K, committed 67996K, reserved 1107968K
  class space    used 8077K, capacity 8722K, committed 8780K, reserved 1048576K
}
Event: 45.784 GC heap before
{Heap before GC invocations=54 (full 0):
 garbage-first heap   total 303104K, used 262033K [0x0000000080000000, 0x0000000100000000)
  region size 1024K, 164 young (167936K), 3 survivors (3072K)
 Metaspace       used 65824K, capacity 67695K, committed 67996K, reserved 1107968K
  class space    used 8077K, capacity 8722K, committed 8780K, reserved 1048576K
}
Event: 45.786 GC heap after
{Heap after GC invocations=55 (full 0):
 garbage-first heap   total 303104K, used 99514K [0x0000000080000000, 0x0000000100000000)
  region size 1024K, 5 young (5120K), 5 survivors (5120K)
 Metaspace       used 65824K, capacity 67695K, committed 67996K, reserved 1107968K
  class space    used 8077K, capacity 8722K, committed 8780K, reserved 1048576K
}
Event: 46.103 GC heap before
{Heap before GC invocations=55 (full 0):
 garbage-first heap   total 303104K, used 262330K [0x0000000080000000, 0x0000000100000000)
  region size 1024K, 165 young (168960K), 5 survivors (5120K)
 Metaspace       used 65825K, capacity 67695K, committed 67996K, reserved 1107968K
  class space    used 8077K, capacity 8722K, committed 8780K, reserved 1048576K
}
Event: 46.104 GC heap after
{Heap after GC invocations=56 (full 0):
 garbage-first heap   total 303104K, used 92361K [0x0000000080000000, 0x0000000100000000)
  region size 1024K, 1 young (1024K), 1 survivors (1024K)
 Metaspace       used 65825K, capacity 67695K, committed 67996K, reserved 1107968K
  class space    used 8077K, capacity 8722K, committed 8780K, reserved 1048576K
}
Event: 46.410 GC heap before
{Heap before GC invocations=56 (full 0):
 garbage-first heap   total 303104K, used 263369K [0x0000000080000000, 0x0000000100000000)
  region size 1024K, 166 young (169984K), 1 survivors (1024K)
 Metaspace       used 65825K, capacity 67695K, committed 67996K, reserved 1107968K
  class space    used 8077K, capacity 8722K, committed 8780K, reserved 1048576K
}
Event: 46.411 GC heap after
{Heap after GC invocations=57 (full 0):
 garbage-first heap   total 303104K, used 95446K [0x0000000080000000, 0x0000000100000000)
  region size 1024K, 2 young (2048K), 2 survivors (2048K)
 Metaspace       used 65825K, capacity 67695K, committed 67996K, reserved 1107968K
  class space    used 8077K, capacity 8722K, committed 8780K, reserved 1048576K
}
Event: 46.834 GC heap before
{Heap before GC invocations=57 (full 0):
 garbage-first heap   total 303104K, used 271574K [0x0000000080000000, 0x0000000100000000)
  region size 1024K, 166 young (169984K), 2 survivors (2048K)
 Metaspace       used 66179K, capacity 68131K, committed 68380K, reserved 1110016K
  class space    used 8121K, capacity 8798K, committed 8908K, reserved 1048576K
}
Event: 46.837 GC heap after
{Heap after GC invocations=58 (full 0):
 garbage-first heap   total 303104K, used 107585K [0x0000000080000000, 0x0000000100000000)
  region size 1024K, 8 young (8192K), 8 survivors (8192K)
 Metaspace       used 66179K, capacity 68131K, committed 68380K, reserved 1110016K
  class space    used 8121K, capacity 8798K, committed 8908K, reserved 1048576K
}
Event: 48.343 GC heap before
{Heap before GC invocations=58 (full 0):
 garbage-first heap   total 303104K, used 259137K [0x0000000080000000, 0x0000000100000000)
  region size 1024K, 156 young (159744K), 8 survivors (8192K)
 Metaspace       used 82171K, capacity 84280K, committed 84508K, reserved 1122304K
  class space    used 10116K, capacity 10835K, committed 10956K, reserved 1048576K
}
Event: 48.348 GC heap after
{Heap after GC invocations=59 (full 0):
 garbage-first heap   total 303104K, used 114819K [0x0000000080000000, 0x0000000100000000)
  region size 1024K, 15 young (15360K), 15 survivors (15360K)
 Metaspace       used 82171K, capacity 84280K, committed 84508K, reserved 1122304K
  class space    used 10116K, capacity 10835K, committed 10956K, reserved 1048576K
}

Deoptimization events (20 events):
Event: 48.527 Thread 0x000002b30153f000 DEOPT PACKING pc=0x000002b36f075da8 sp=0x000000b59f2f5f80
Event: 48.527 Thread 0x000002b30153f000 DEOPT UNPACKING pc=0x000002b366fda1af sp=0x000000b59f2f5f00 mode 2
Event: 48.912 Thread 0x000002b30153f000 Uncommon trap: trap_request=0xffffff7e fr.pc=0x000002b36edb7870 relative=0x0000000000000570
Event: 48.912 Thread 0x000002b30153f000 Uncommon trap: reason=predicate action=maybe_recompile pc=0x000002b36edb7870 method=java.util.Iterator.forEachRemaining(Ljava/util/function/Consumer;)V @ 11 c2
Event: 48.912 Thread 0x000002b30153f000 DEOPT PACKING pc=0x000002b36edb7870 sp=0x000000b59f2f9a90
Event: 48.912 Thread 0x000002b30153f000 DEOPT UNPACKING pc=0x000002b366fda1af sp=0x000000b59f2f99f0 mode 2
Event: 49.087 Thread 0x000002b30153f000 DEOPT PACKING pc=0x000002b367cea916 sp=0x000000b59f2f9b20
Event: 49.087 Thread 0x000002b30153f000 DEOPT UNPACKING pc=0x000002b366fda95e sp=0x000000b59f2f9038 mode 0
Event: 49.128 Thread 0x000002b30153f000 Uncommon trap: trap_request=0xffffffde fr.pc=0x000002b36f32329c relative=0x000000000000039c
Event: 49.128 Thread 0x000002b30153f000 Uncommon trap: reason=class_check action=maybe_recompile pc=0x000002b36f32329c method=java.util.stream.ReferencePipeline.collect(Ljava/util/stream/Collector;)Ljava/lang/Object; @ 118 c2
Event: 49.128 Thread 0x000002b30153f000 DEOPT PACKING pc=0x000002b36f32329c sp=0x000000b59f2f9c80
Event: 49.128 Thread 0x000002b30153f000 DEOPT UNPACKING pc=0x000002b366fda1af sp=0x000000b59f2f9c48 mode 2
Event: 49.128 Thread 0x000002b30153f000 Uncommon trap: trap_request=0xffffffde fr.pc=0x000002b36f32329c relative=0x000000000000039c
Event: 49.128 Thread 0x000002b30153f000 Uncommon trap: reason=class_check action=maybe_recompile pc=0x000002b36f32329c method=java.util.stream.ReferencePipeline.collect(Ljava/util/stream/Collector;)Ljava/lang/Object; @ 118 c2
Event: 49.128 Thread 0x000002b30153f000 DEOPT PACKING pc=0x000002b36f32329c sp=0x000000b59f2f9c80
Event: 49.128 Thread 0x000002b30153f000 DEOPT UNPACKING pc=0x000002b366fda1af sp=0x000000b59f2f9c48 mode 2
Event: 49.129 Thread 0x000002b30153f000 Uncommon trap: trap_request=0xffffffbe fr.pc=0x000002b36f448758 relative=0x0000000000000ab8
Event: 49.129 Thread 0x000002b30153f000 Uncommon trap: reason=profile_predicate action=maybe_recompile pc=0x000002b36f448758 method=com.google.common.collect.ImmutableSet.construct(I[Ljava/lang/Object;)Lcom/google/common/collect/ImmutableSet; @ 68 c2
Event: 49.129 Thread 0x000002b30153f000 DEOPT PACKING pc=0x000002b36f448758 sp=0x000000b59f2f9d40
Event: 49.129 Thread 0x000002b30153f000 DEOPT UNPACKING pc=0x000002b366fda1af sp=0x000000b59f2f9ce0 mode 2

Classes redefined (0 events):
No events

Internal exceptions (20 events):
Event: 48.520 Thread 0x000002b30153f000 Exception <a 'java/lang/ClassNotFoundException'{0x0000000090ad18f0}: com/android/build/gradle/internal/dsl/ApplicationBuildFeaturesImpl_DecoratedBeanInfo> (0x0000000090ad18f0) thrown at [./src/hotspot/share/classfile/systemDictionary.cpp, line 231]
Event: 48.520 Thread 0x000002b30153f000 Exception <a 'java/lang/ClassNotFoundException'{0x0000000090aee030}: com/android/build/gradle/internal/dsl/ApplicationBuildFeaturesImplBeanInfo> (0x0000000090aee030) thrown at [./src/hotspot/share/classfile/systemDictionary.cpp, line 231]
Event: 48.520 Thread 0x000002b30153f000 Exception <a 'java/lang/ClassNotFoundException'{0x0000000090908e00}: com/android/build/gradle/internal/dsl/BuildFeaturesImplBeanInfo> (0x0000000090908e00) thrown at [./src/hotspot/share/classfile/systemDictionary.cpp, line 231]
Event: 48.521 Thread 0x000002b30153f000 Exception <a 'java/lang/ClassNotFoundException'{0x0000000090923730}: com/android/build/gradle/internal/dsl/BuildFeaturesImplCustomizer> (0x0000000090923730) thrown at [./src/hotspot/share/classfile/systemDictionary.cpp, line 231]
Event: 48.522 Thread 0x000002b30153f000 Exception <a 'java/lang/ClassNotFoundException'{0x000000009094bb60}: com/android/build/gradle/internal/dsl/ApplicationBuildFeaturesImplCustomizer> (0x000000009094bb60) thrown at [./src/hotspot/share/classfile/systemDictionary.cpp, line 231]
Event: 48.522 Thread 0x000002b30153f000 Exception <a 'java/lang/ClassNotFoundException'{0x000000009096fed8}: com/android/build/gradle/internal/dsl/ApplicationBuildFeaturesImpl_DecoratedCustomizer> (0x000000009096fed8) thrown at [./src/hotspot/share/classfile/systemDictionary.cpp, line 231]
Event: 48.526 Thread 0x000002b30153f000 Exception <a 'java/lang/ClassNotFoundException'{0x00000000909feeb8}: com/android/build/gradle/internal/dsl/ComposeOptionsImpl_DecoratedBeanInfo> (0x00000000909feeb8) thrown at [./src/hotspot/share/classfile/systemDictionary.cpp, line 231]
Event: 48.526 Thread 0x000002b30153f000 Exception <a 'java/lang/ClassNotFoundException'{0x0000000090819ca8}: com/android/build/gradle/internal/dsl/ComposeOptionsImplBeanInfo> (0x0000000090819ca8) thrown at [./src/hotspot/share/classfile/systemDictionary.cpp, line 231]
Event: 48.526 Thread 0x000002b30153f000 Exception <a 'java/lang/ClassNotFoundException'{0x0000000090834ea8}: com/android/build/gradle/internal/dsl/ComposeOptionsImplCustomizer> (0x0000000090834ea8) thrown at [./src/hotspot/share/classfile/systemDictionary.cpp, line 231]
Event: 48.526 Thread 0x000002b30153f000 Exception <a 'java/lang/ClassNotFoundException'{0x0000000090857b70}: com/android/build/gradle/internal/dsl/ComposeOptionsImpl_DecoratedCustomizer> (0x0000000090857b70) thrown at [./src/hotspot/share/classfile/systemDictionary.cpp, line 231]
Event: 49.021 Thread 0x000002b30153f000 Exception <a 'java/lang/ClassNotFoundException'{0x000000008e07e7f8}: com/android/build/gradle/internal/api/ApkVariantOutputImpl_DecoratedBeanInfo> (0x000000008e07e7f8) thrown at [./src/hotspot/share/classfile/systemDictionary.cpp, line 231]
Event: 49.021 Thread 0x000002b30153f000 Exception <a 'java/lang/ClassNotFoundException'{0x000000008e099698}: com/android/build/gradle/internal/api/ApkVariantOutputImplBeanInfo> (0x000000008e099698) thrown at [./src/hotspot/share/classfile/systemDictionary.cpp, line 231]
Event: 49.021 Thread 0x000002b30153f000 Exception <a 'java/lang/ClassNotFoundException'{0x000000008e0b4b18}: com/android/build/gradle/internal/api/BaseVariantOutputImplBeanInfo> (0x000000008e0b4b18) thrown at [./src/hotspot/share/classfile/systemDictionary.cpp, line 231]
Event: 49.022 Thread 0x000002b30153f000 Exception <a 'java/lang/ClassNotFoundException'{0x000000008e0d0000}: com/android/build/gradle/internal/api/BaseVariantOutputImplCustomizer> (0x000000008e0d0000) thrown at [./src/hotspot/share/classfile/systemDictionary.cpp, line 231]
Event: 49.022 Thread 0x000002b30153f000 Exception <a 'java/lang/ClassNotFoundException'{0x000000008e0fdb80}: com/android/build/gradle/internal/api/ApkVariantOutputImplCustomizer> (0x000000008e0fdb80) thrown at [./src/hotspot/share/classfile/systemDictionary.cpp, line 231]
Event: 49.023 Thread 0x000002b30153f000 Exception <a 'java/lang/ClassNotFoundException'{0x000000008df28100}: com/android/build/gradle/internal/api/ApkVariantOutputImpl_DecoratedCustomizer> (0x000000008df28100) thrown at [./src/hotspot/share/classfile/systemDictionary.cpp, line 231]
Event: 49.052 Thread 0x000002b30153f000 Exception <a 'java/lang/ClassNotFoundException'{0x000000008dd60148}: com/android/build/gradle/internal/api/ReadOnlyBuildTypeBeanInfo> (0x000000008dd60148) thrown at [./src/hotspot/share/classfile/systemDictionary.cpp, line 231]
Event: 49.052 Thread 0x000002b30153f000 Exception <a 'java/lang/ClassNotFoundException'{0x000000008dd7a480}: com/android/build/gradle/internal/api/ReadOnlyBaseConfigBeanInfo> (0x000000008dd7a480) thrown at [./src/hotspot/share/classfile/systemDictionary.cpp, line 231]
Event: 49.053 Thread 0x000002b30153f000 Exception <a 'java/lang/ClassNotFoundException'{0x000000008dd952b8}: com/android/build/gradle/internal/api/ReadOnlyBaseConfigCustomizer> (0x000000008dd952b8) thrown at [./src/hotspot/share/classfile/systemDictionary.cpp, line 231]
Event: 49.053 Thread 0x000002b30153f000 Exception <a 'java/lang/ClassNotFoundException'{0x000000008ddbfd30}: com/android/build/gradle/internal/api/ReadOnlyBuildTypeCustomizer> (0x000000008ddbfd30) thrown at [./src/hotspot/share/classfile/systemDictionary.cpp, line 231]

Events (20 events):
Event: 49.129 loading class org/jetbrains/kotlin/gradle/plugin/Android25ProjectHandler$wireKotlinTasks$preJavaKotlinOutput$1
Event: 49.129 loading class org/jetbrains/kotlin/gradle/plugin/Android25ProjectHandler$wireKotlinTasks$preJavaKotlinOutput$1 done
Event: 49.129 loading class org/gradle/api/internal/file/UnionFileCollection
Event: 49.129 loading class org/gradle/api/internal/file/UnionFileCollection done
Event: 49.129 loading class org/jetbrains/kotlin/gradle/plugin/Android25ProjectHandler$wireKotlinTasks$1
Event: 49.129 loading class org/jetbrains/kotlin/gradle/plugin/Android25ProjectHandler$wireKotlinTasks$1 done
Event: 49.130 loading class com/android/build/api/component/impl/ComponentImpl$getJavaClasspathArtifacts$extraArtifact$1
Event: 49.130 loading class com/android/build/api/component/impl/ComponentImpl$getJavaClasspathArtifacts$extraArtifact$1 done
Event: 49.130 loading class com/android/build/gradle/internal/dependency/ArtifactCollectionWithExtraArtifact
Event: 49.130 loading class com/android/build/gradle/internal/dependency/ArtifactCollectionWithExtraArtifact done
Event: 49.131 loading class org/gradle/api/artifacts/component/ComponentIdentifier
Event: 49.131 loading class org/gradle/api/artifacts/component/ComponentIdentifier done
Event: 49.131 loading class com/android/build/gradle/internal/dependency/ArtifactCollectionWithExtraArtifact$ExtraArtifactType
Event: 49.131 loading class com/android/build/gradle/internal/dependency/ArtifactCollectionWithExtraArtifact$ExtraArtifactType done
Event: 49.131 loading class com/android/build/api/component/impl/ComponentImpl$getJavaClasspathArtifacts$1
Event: 49.131 loading class com/android/build/api/component/impl/ComponentImpl$getJavaClasspathArtifacts$1 done
Event: 49.131 loading class org/jetbrains/kotlin/gradle/plugin/AndroidTestedVariantArtifactsFilter
Event: 49.131 loading class org/jetbrains/kotlin/gradle/plugin/AndroidTestedVariantArtifactsFilter done
Event: 49.132 loading class org/jetbrains/kotlin/gradle/plugin/AndroidTestedVariantArtifactsFilter$initFilteredFiles$1
Event: 49.132 loading class org/jetbrains/kotlin/gradle/plugin/AndroidTestedVariantArtifactsFilter$initFilteredFiles$1 done


Dynamic libraries:
0x00007ff68e960000 - 0x00007ff68e96a000 	C:\Program Files\Android\Android Studio\jre\bin\java.exe
0x00007ffc95af0000 - 0x00007ffc95ce8000 	C:\Windows\SYSTEM32\ntdll.dll
0x00007ffc94360000 - 0x00007ffc9441f000 	C:\Windows\System32\KERNEL32.DLL
0x00007ffc93530000 - 0x00007ffc93826000 	C:\Windows\System32\KERNELBASE.dll
0x00007ffc93430000 - 0x00007ffc93530000 	C:\Windows\System32\ucrtbase.dll
0x00007ffc74d20000 - 0x00007ffc74d37000 	C:\Program Files\Android\Android Studio\jre\bin\VCRUNTIME140.dll
0x00007ffc8e6f0000 - 0x00007ffc8e709000 	C:\Program Files\Android\Android Studio\jre\bin\jli.dll
0x00007ffc93fa0000 - 0x00007ffc9413d000 	C:\Windows\System32\USER32.dll
0x00007ffc93400000 - 0x00007ffc93422000 	C:\Windows\System32\win32u.dll
0x00007ffc79b20000 - 0x00007ffc79dba000 	C:\Windows\WinSxS\amd64_microsoft.windows.common-controls_6595b64144ccf1df_6.0.19041.1110_none_60b5254171f9507e\COMCTL32.dll
0x00007ffc94280000 - 0x00007ffc942ac000 	C:\Windows\System32\GDI32.dll
0x00007ffc93a30000 - 0x00007ffc93b45000 	C:\Windows\System32\gdi32full.dll
0x00007ffc958e0000 - 0x00007ffc9597e000 	C:\Windows\System32\msvcrt.dll
0x00007ffc931d0000 - 0x00007ffc9326d000 	C:\Windows\System32\msvcp_win.dll
0x00007ffc958b0000 - 0x00007ffc958e0000 	C:\Windows\System32\IMM32.DLL
0x00007ffc73800000 - 0x00007ffc7389d000 	C:\Program Files\Android\Android Studio\jre\bin\msvcp140.dll
0x00007ffc044f0000 - 0x00007ffc04ff2000 	C:\Program Files\Android\Android Studio\jre\bin\server\jvm.dll
0x00007ffc942b0000 - 0x00007ffc9435f000 	C:\Windows\System32\ADVAPI32.dll
0x00007ffc94730000 - 0x00007ffc947cc000 	C:\Windows\System32\sechost.dll
0x00007ffc95980000 - 0x00007ffc95aa6000 	C:\Windows\System32\RPCRT4.dll
0x00007ffc94140000 - 0x00007ffc94148000 	C:\Windows\System32\PSAPI.DLL
0x00007ffc883a0000 - 0x00007ffc883c7000 	C:\Windows\SYSTEM32\WINMM.dll
0x00007ffc3f810000 - 0x00007ffc3f819000 	C:\Windows\SYSTEM32\WSOCK32.dll
0x00007ffc8a670000 - 0x00007ffc8a67a000 	C:\Windows\SYSTEM32\VERSION.dll
0x00007ffc951b0000 - 0x00007ffc9521b000 	C:\Windows\System32\WS2_32.dll
0x00007ffc91a10000 - 0x00007ffc91a22000 	C:\Windows\SYSTEM32\kernel.appcore.dll
0x00007ffc81f10000 - 0x00007ffc81f21000 	C:\Program Files\Android\Android Studio\jre\bin\verify.dll
0x00007ffc91260000 - 0x00007ffc91444000 	C:\Windows\SYSTEM32\DBGHELP.DLL
0x00007ffc81680000 - 0x00007ffc816b4000 	C:\Windows\SYSTEM32\dbgcore.DLL
0x00007ffc938f0000 - 0x00007ffc93972000 	C:\Windows\System32\bcryptPrimitives.dll
0x00007ffc74cf0000 - 0x00007ffc74d19000 	C:\Program Files\Android\Android Studio\jre\bin\java.dll
0x00007ffc8e710000 - 0x00007ffc8e71b000 	C:\Program Files\Android\Android Studio\jre\bin\jimage.dll
0x00007ffc81ea0000 - 0x00007ffc81eb8000 	C:\Program Files\Android\Android Studio\jre\bin\zip.dll
0x00007ffc94a60000 - 0x00007ffc951a4000 	C:\Windows\System32\SHELL32.dll
0x00007ffc90ac0000 - 0x00007ffc91253000 	C:\Windows\SYSTEM32\windows.storage.dll
0x00007ffc93bb0000 - 0x00007ffc93f04000 	C:\Windows\System32\combase.dll
0x00007ffc92bb0000 - 0x00007ffc92bde000 	C:\Windows\SYSTEM32\Wldp.dll
0x00007ffc94480000 - 0x00007ffc9452d000 	C:\Windows\System32\SHCORE.dll
0x00007ffc93f10000 - 0x00007ffc93f65000 	C:\Windows\System32\shlwapi.dll
0x00007ffc93110000 - 0x00007ffc9312f000 	C:\Windows\SYSTEM32\profapi.dll
0x00007ffc7d9c0000 - 0x00007ffc7d9da000 	C:\Program Files\Android\Android Studio\jre\bin\net.dll
0x00007ffc898a0000 - 0x00007ffc899aa000 	C:\Windows\SYSTEM32\WINHTTP.dll
0x00007ffc92910000 - 0x00007ffc9297a000 	C:\Windows\system32\mswsock.dll
0x00007ffc765b0000 - 0x00007ffc765c4000 	C:\Program Files\Android\Android Studio\jre\bin\nio.dll
0x00007ffc5cf70000 - 0x00007ffc5cf97000 	C:\Users\cupru\.gradle\native\8bec1ad78214c89d9ad589b4d07fe93259594b29d510b10fafb7a158f7737e5d\windows-amd64\native-platform.dll
0x00007ffc5cb50000 - 0x00007ffc5cc8d000 	C:\Users\cupru\.gradle\native\53dbd7edfb1c66fb8903c78663c9afc45aea4f116125fa6feffd364cf09443e8\windows-amd64\native-platform-file-events.dll
0x00007ffc8e6a0000 - 0x00007ffc8e6aa000 	C:\Program Files\Android\Android Studio\jre\bin\management.dll
0x00007ffc8e640000 - 0x00007ffc8e64d000 	C:\Program Files\Android\Android Studio\jre\bin\management_ext.dll
0x00007ffc92b00000 - 0x00007ffc92b18000 	C:\Windows\SYSTEM32\CRYPTSP.dll
0x00007ffc921c0000 - 0x00007ffc921f4000 	C:\Windows\system32\rsaenh.dll
0x00007ffc93270000 - 0x00007ffc93297000 	C:\Windows\System32\bcrypt.dll
0x00007ffc93090000 - 0x00007ffc930be000 	C:\Windows\SYSTEM32\USERENV.dll
0x00007ffc92b20000 - 0x00007ffc92b2c000 	C:\Windows\SYSTEM32\CRYPTBASE.dll
0x00007ffc92600000 - 0x00007ffc9263c000 	C:\Windows\SYSTEM32\IPHLPAPI.DLL
0x00007ffc95220000 - 0x00007ffc95228000 	C:\Windows\System32\NSI.dll
0x00007ffc8a2d0000 - 0x00007ffc8a2e7000 	C:\Windows\SYSTEM32\dhcpcsvc6.DLL
0x00007ffc8a510000 - 0x00007ffc8a52d000 	C:\Windows\SYSTEM32\dhcpcsvc.DLL
0x00007ffc92640000 - 0x00007ffc9270a000 	C:\Windows\SYSTEM32\DNSAPI.dll
0x00007ffc72980000 - 0x00007ffc729a7000 	C:\Program Files\Android\Android Studio\jre\bin\sunec.dll
0x00007ffc86470000 - 0x00007ffc8647a000 	C:\Windows\System32\rasadhlp.dll
0x00007ffc834f0000 - 0x00007ffc83572000 	C:\Windows\System32\fwpuclnt.dll

dbghelp: loaded successfully - version: 4.0.5 - missing functions: none
symbol engine: initialized successfully - sym options: 0x614 - pdb path: .;C:\Program Files\Android\Android Studio\jre\bin;C:\Windows\SYSTEM32;C:\Windows\WinSxS\amd64_microsoft.windows.common-controls_6595b64144ccf1df_6.0.19041.1110_none_60b5254171f9507e;C:\Program Files\Android\Android Studio\jre\bin\server;C:\Users\cupru\.gradle\native\8bec1ad78214c89d9ad589b4d07fe93259594b29d510b10fafb7a158f7737e5d\windows-amd64;C:\Users\cupru\.gradle\native\53dbd7edfb1c66fb8903c78663c9afc45aea4f116125fa6feffd364cf09443e8\windows-amd64

VM Arguments:
jvm_args: --add-opens=java.base/java.util=ALL-UNNAMED --add-opens=java.base/java.lang=ALL-UNNAMED --add-opens=java.base/java.lang.invoke=ALL-UNNAMED --add-opens=java.base/java.util=ALL-UNNAMED --add-opens=java.prefs/java.util.prefs=ALL-UNNAMED --add-opens=java.prefs/java.util.prefs=ALL-UNNAMED --add-opens=java.base/java.nio.charset=ALL-UNNAMED --add-opens=java.base/java.net=ALL-UNNAMED --add-opens=java.base/java.util.concurrent.atomic=ALL-UNNAMED -Xmx2048m -Dfile.encoding=UTF-8 -Duser.country=US -Duser.language=en -Duser.variant 
java_command: org.gradle.launcher.daemon.bootstrap.GradleDaemon 7.0.2
java_class_path (initial): C:\Users\cupru\.gradle\wrapper\dists\gradle-7.0.2-bin\857tjihv64xamwrf0h14cai3r\gradle-7.0.2\lib\gradle-launcher-7.0.2.jar
Launcher Type: SUN_STANDARD

[Global flags]
     intx CICompilerCount                          = 4                                         {product} {ergonomic}
     uint ConcGCThreads                            = 3                                         {product} {ergonomic}
     uint G1ConcRefinementThreads                  = 10                                        {product} {ergonomic}
   size_t G1HeapRegionSize                         = 1048576                                   {product} {ergonomic}
    uintx GCDrainStackTargetSize                   = 64                                        {product} {ergonomic}
   size_t InitialHeapSize                          = 257949696                                 {product} {ergonomic}
   size_t MarkStackSize                            = 4194304                                   {product} {ergonomic}
   size_t MaxHeapSize                              = 2147483648                                {product} {command line}
   size_t MaxNewSize                               = 1287651328                                {product} {ergonomic}
   size_t MinHeapDeltaBytes                        = 1048576                                   {product} {ergonomic}
    uintx NonNMethodCodeHeapSize                   = 5836300                                {pd product} {ergonomic}
    uintx NonProfiledCodeHeapSize                  = 122910970                              {pd product} {ergonomic}
    uintx ProfiledCodeHeapSize                     = 122910970                              {pd product} {ergonomic}
    uintx ReservedCodeCacheSize                    = 251658240                              {pd product} {ergonomic}
     bool SegmentedCodeCache                       = true                                      {product} {ergonomic}
     bool UseCompressedClassPointers               = true                                 {lp64_product} {ergonomic}
     bool UseCompressedOops                        = true                                 {lp64_product} {ergonomic}
     bool UseG1GC                                  = true                                      {product} {ergonomic}
     bool UseLargePagesIndividualAllocation        = false                                  {pd product} {ergonomic}

Logging:
Log output configuration:
 #0: stdout all=warning uptime,level,tags
 #1: stderr all=off uptime,level,tags

Environment Variables:
JAVA_HOME=C:\Program Files\Java\jdk-19
PATH=C:\Program Files\Common Files\Oracle\Java\javapath;C:\Windows\system32;C:\Windows;C:\Windows\System32\Wbem;C:\Windows\System32\WindowsPowerShell\v1.0\;C:\Windows\System32\OpenSSH\;C:\Program Files\Git\cmd;C:\Users\cupru\AppData\Local\Microsoft\WindowsApps;C:\Program Files\JetBrains\IntelliJ IDEA Community Edition 2022.2.3\bin;C:\Users\cupru\AppData\Local\JetBrains\Toolbox\scripts;;C:\Program Files\JetBrains\PyCharm Community Edition 2022.3\bin;
USERNAME=cupru
OS=Windows_NT
PROCESSOR_IDENTIFIER=AMD64 Family 23 Model 96 Stepping 1, AuthenticAMD



---------------  S Y S T E M  ---------------

OS: Windows 10 , 64 bit Build 19041 (10.0.19041.3031)
OS uptime: 0 days 18:43 hours

CPU:total 12 (initial active 12) (12 cores per cpu, 2 threads per core) family 23 model 96 stepping 1 microcode 0x0, cmov, cx8, fxsr, mmx, sse, sse2, sse3, ssse3, sse4.1, sse4.2, popcnt, avx, avx2, aes, clmul, mmxext, 3dnowpref, lzcnt, sse4a, ht, tsc, tscinvbit, tscinv, bmi1, bmi2, adx, sha, fma

Memory: 4k page, system-wide physical 15741M (4292M free)
TotalPageFile size 29053M (AvailPageFile size 15940M)
current process WorkingSet (physical memory assigned to process): 580M, peak: 581M
current process commit charge ("private bytes"): 620M, peak: 621M

vm_info: OpenJDK 64-Bit Server VM (11.0.13+0-b1751.21-8125866) for windows-amd64 JRE (11.0.13+0-b1751.21-8125866), built on Feb  2 2022 03:00:22 by "builder" with MS VC++ 14.0 (VS2015)

END.
